Copyright 1986-2022 Xilinx, Inc. All Rights Reserved. Copyright 2022-2023 Advanced Micro Devices, Inc. All Rights Reserved.
---------------------------------------------------------------------------------------------------------------------------------------------------------------------------------------------------------------
| Tool Version : Vivado v.2023.2 (win64) Build 4029153 Fri Oct 13 20:14:34 MDT 2023
| Date         : Fri Feb 21 14:57:49 2025
| Host         : GRINDEN-2308 running 64-bit major release  (build 9200)
| Command      : report_timing_summary -max_paths 10 -report_unconstrained -file kaskad_timing_summary_routed.rpt -pb kaskad_timing_summary_routed.pb -rpx kaskad_timing_summary_routed.rpx -warn_on_violation
| Design       : kaskad
| Device       : 7a35t-cpg236
| Speed File   : -1  PRODUCTION 1.23 2018-06-13
| Design State : Routed
---------------------------------------------------------------------------------------------------------------------------------------------------------------------------------------------------------------

Timing Summary Report

------------------------------------------------------------------------------------------------
| Timer Settings
| --------------
------------------------------------------------------------------------------------------------

  Enable Multi Corner Analysis               :  Yes
  Enable Pessimism Removal                   :  Yes
  Pessimism Removal Resolution               :  Nearest Common Node
  Enable Input Delay Default Clock           :  No
  Enable Preset / Clear Arcs                 :  No
  Disable Flight Delays                      :  No
  Ignore I/O Paths                           :  No
  Timing Early Launch at Borrowing Latches   :  No
  Borrow Time for Max Delay Exceptions       :  Yes
  Merge Timing Exceptions                    :  Yes
  Inter-SLR Compensation                     :  Conservative

  Corner  Analyze    Analyze    
  Name    Max Paths  Min Paths  
  ------  ---------  ---------  
  Slow    Yes        Yes        
  Fast    Yes        Yes        


------------------------------------------------------------------------------------------------
| Report Methodology
| ------------------
------------------------------------------------------------------------------------------------

Rule       Severity          Description                  Violations  
---------  ----------------  ---------------------------  ----------  
TIMING-17  Critical Warning  Non-clocked sequential cell  21          

Note: This report is based on the most recent report_methodology run and may not be up-to-date. Run report_methodology on the current design for the latest report.



check_timing report

Table of Contents
-----------------
1. checking no_clock (21)
2. checking constant_clock (0)
3. checking pulse_width_clock (0)
4. checking unconstrained_internal_endpoints (41)
5. checking no_input_delay (1)
6. checking no_output_delay (7)
7. checking multiple_clock (0)
8. checking generated_clocks (0)
9. checking loops (0)
10. checking partial_input_delay (0)
11. checking partial_output_delay (0)
12. checking latch_loops (0)

1. checking no_clock (21)
-------------------------
 There are 21 register/latch pins with no clock driven by root clock pin: clk (HIGH)


2. checking constant_clock (0)
------------------------------
 There are 0 register/latch pins with constant_clock.


3. checking pulse_width_clock (0)
---------------------------------
 There are 0 register/latch pins which need pulse_width check


4. checking unconstrained_internal_endpoints (41)
-------------------------------------------------
 There are 41 pins that are not constrained for maximum delay. (HIGH)

 There are 0 pins that are not constrained for maximum delay due to constant clock.


5. checking no_input_delay (1)
------------------------------
 There is 1 input port with no input delay specified. (HIGH)

 There are 0 input ports with no input delay but user has a false path constraint.


6. checking no_output_delay (7)
-------------------------------
 There are 7 ports with no output delay specified. (HIGH)

 There are 0 ports with no output delay but user has a false path constraint

 There are 0 ports with no output delay but with a timing clock defined on it or propagating through it


7. checking multiple_clock (0)
------------------------------
 There are 0 register/latch pins with multiple clocks.


8. checking generated_clocks (0)
--------------------------------
 There are 0 generated clocks that are not connected to a clock source.


9. checking loops (0)
---------------------
 There are 0 combinational loops in the design.


10. checking partial_input_delay (0)
------------------------------------
 There are 0 input ports with partial input delay specified.


11. checking partial_output_delay (0)
-------------------------------------
 There are 0 ports with partial output delay specified.


12. checking latch_loops (0)
----------------------------
 There are 0 combinational latch loops in the design through latch input



------------------------------------------------------------------------------------------------
| Design Timing Summary
| ---------------------
------------------------------------------------------------------------------------------------

    WNS(ns)      TNS(ns)  TNS Failing Endpoints  TNS Total Endpoints      WHS(ns)      THS(ns)  THS Failing Endpoints  THS Total Endpoints     WPWS(ns)     TPWS(ns)  TPWS Failing Endpoints  TPWS Total Endpoints  
    -------      -------  ---------------------  -------------------      -------      -------  ---------------------  -------------------     --------     --------  ----------------------  --------------------  
        inf        0.000                      0                   48          inf        0.000                      0                   48           NA           NA                      NA                    NA  


There are no user specified timing constraints.


------------------------------------------------------------------------------------------------
| Clock Summary
| -------------
------------------------------------------------------------------------------------------------


------------------------------------------------------------------------------------------------
| Intra Clock Table
| -----------------
------------------------------------------------------------------------------------------------

Clock             WNS(ns)      TNS(ns)  TNS Failing Endpoints  TNS Total Endpoints      WHS(ns)      THS(ns)  THS Failing Endpoints  THS Total Endpoints     WPWS(ns)     TPWS(ns)  TPWS Failing Endpoints  TPWS Total Endpoints  
-----             -------      -------  ---------------------  -------------------      -------      -------  ---------------------  -------------------     --------     --------  ----------------------  --------------------  


------------------------------------------------------------------------------------------------
| Inter Clock Table
| -----------------
------------------------------------------------------------------------------------------------

From Clock    To Clock          WNS(ns)      TNS(ns)  TNS Failing Endpoints  TNS Total Endpoints      WHS(ns)      THS(ns)  THS Failing Endpoints  THS Total Endpoints  
----------    --------          -------      -------  ---------------------  -------------------      -------      -------  ---------------------  -------------------  


------------------------------------------------------------------------------------------------
| Other Path Groups Table
| -----------------------
------------------------------------------------------------------------------------------------

Path Group    From Clock    To Clock          WNS(ns)      TNS(ns)  TNS Failing Endpoints  TNS Total Endpoints      WHS(ns)      THS(ns)  THS Failing Endpoints  THS Total Endpoints  
----------    ----------    --------          -------      -------  ---------------------  -------------------      -------      -------  ---------------------  -------------------  


------------------------------------------------------------------------------------------------
| User Ignored Path Table
| -----------------------
------------------------------------------------------------------------------------------------

Path Group    From Clock    To Clock    
----------    ----------    --------    


------------------------------------------------------------------------------------------------
| Unconstrained Path Table
| ------------------------
------------------------------------------------------------------------------------------------

Path Group    From Clock    To Clock    
----------    ----------    --------    
(none)                                    


------------------------------------------------------------------------------------------------
| Timing Details
| --------------
------------------------------------------------------------------------------------------------


--------------------------------------------------------------------------------------
Path Group:  (none)
From Clock:  
  To Clock:  

Max Delay            48 Endpoints
Min Delay            48 Endpoints
--------------------------------------------------------------------------------------


Max Delay Paths
--------------------------------------------------------------------------------------
Slack:                    inf
  Source:                 reset
                            (input port)
  Destination:            c1_reg[2]/R
  Path Group:             (none)
  Path Type:              Max at Slow Process Corner
  Data Path Delay:        8.676ns  (logic 1.577ns (18.179%)  route 7.099ns (81.821%))
  Logic Levels:           2  (IBUF=1 LUT6=1)

    Location             Delay type                Incr(ns)  Path(ns)    Netlist Resource(s)
  -------------------------------------------------------------------    -------------------
    A17                                               0.000     0.000 r  reset (IN)
                         net (fo=0)                   0.000     0.000    reset
    A17                  IBUF (Prop_ibuf_I_O)         1.453     1.453 r  reset_IBUF_inst/O
                         net (fo=6, routed)           6.218     7.671    reset_IBUF
    SLICE_X62Y20         LUT6 (Prop_lut6_I0_O)        0.124     7.795 r  c1[3]_i_1/O
                         net (fo=4, routed)           0.881     8.676    c10
    SLICE_X62Y20         FDRE                                         r  c1_reg[2]/R
  -------------------------------------------------------------------    -------------------

Slack:                    inf
  Source:                 reset
                            (input port)
  Destination:            c1_reg[3]/R
  Path Group:             (none)
  Path Type:              Max at Slow Process Corner
  Data Path Delay:        8.676ns  (logic 1.577ns (18.179%)  route 7.099ns (81.821%))
  Logic Levels:           2  (IBUF=1 LUT6=1)

    Location             Delay type                Incr(ns)  Path(ns)    Netlist Resource(s)
  -------------------------------------------------------------------    -------------------
    A17                                               0.000     0.000 r  reset (IN)
                         net (fo=0)                   0.000     0.000    reset
    A17                  IBUF (Prop_ibuf_I_O)         1.453     1.453 r  reset_IBUF_inst/O
                         net (fo=6, routed)           6.218     7.671    reset_IBUF
    SLICE_X62Y20         LUT6 (Prop_lut6_I0_O)        0.124     7.795 r  c1[3]_i_1/O
                         net (fo=4, routed)           0.881     8.676    c10
    SLICE_X62Y20         FDRE                                         r  c1_reg[3]/R
  -------------------------------------------------------------------    -------------------

Slack:                    inf
  Source:                 reset
                            (input port)
  Destination:            c1_reg[0]/R
  Path Group:             (none)
  Path Type:              Max at Slow Process Corner
  Data Path Delay:        8.358ns  (logic 1.577ns (18.871%)  route 6.781ns (81.129%))
  Logic Levels:           2  (IBUF=1 LUT6=1)

    Location             Delay type                Incr(ns)  Path(ns)    Netlist Resource(s)
  -------------------------------------------------------------------    -------------------
    A17                                               0.000     0.000 r  reset (IN)
                         net (fo=0)                   0.000     0.000    reset
    A17                  IBUF (Prop_ibuf_I_O)         1.453     1.453 r  reset_IBUF_inst/O
                         net (fo=6, routed)           6.218     7.671    reset_IBUF
    SLICE_X62Y20         LUT6 (Prop_lut6_I0_O)        0.124     7.795 r  c1[3]_i_1/O
                         net (fo=4, routed)           0.563     8.358    c10
    SLICE_X64Y20         FDRE                                         r  c1_reg[0]/R
  -------------------------------------------------------------------    -------------------

Slack:                    inf
  Source:                 reset
                            (input port)
  Destination:            c1_reg[1]/R
  Path Group:             (none)
  Path Type:              Max at Slow Process Corner
  Data Path Delay:        8.358ns  (logic 1.577ns (18.871%)  route 6.781ns (81.129%))
  Logic Levels:           2  (IBUF=1 LUT6=1)

    Location             Delay type                Incr(ns)  Path(ns)    Netlist Resource(s)
  -------------------------------------------------------------------    -------------------
    A17                                               0.000     0.000 r  reset (IN)
                         net (fo=0)                   0.000     0.000    reset
    A17                  IBUF (Prop_ibuf_I_O)         1.453     1.453 r  reset_IBUF_inst/O
                         net (fo=6, routed)           6.218     7.671    reset_IBUF
    SLICE_X62Y20         LUT6 (Prop_lut6_I0_O)        0.124     7.795 r  c1[3]_i_1/O
                         net (fo=4, routed)           0.563     8.358    c10
    SLICE_X64Y20         FDRE                                         r  c1_reg[1]/R
  -------------------------------------------------------------------    -------------------

Slack:                    inf
  Source:                 reset
                            (input port)
  Destination:            c0_reg[0]/R
  Path Group:             (none)
  Path Type:              Max at Slow Process Corner
  Data Path Delay:        8.223ns  (logic 1.577ns (19.180%)  route 6.646ns (80.820%))
  Logic Levels:           2  (IBUF=1 LUT5=1)

    Location             Delay type                Incr(ns)  Path(ns)    Netlist Resource(s)
  -------------------------------------------------------------------    -------------------
    A17                                               0.000     0.000 r  reset (IN)
                         net (fo=0)                   0.000     0.000    reset
    A17                  IBUF (Prop_ibuf_I_O)         1.453     1.453 r  reset_IBUF_inst/O
                         net (fo=6, routed)           6.065     7.518    reset_IBUF
    SLICE_X62Y22         LUT5 (Prop_lut5_I0_O)        0.124     7.642 r  c0[3]_i_1/O
                         net (fo=4, routed)           0.581     8.223    c00
    SLICE_X62Y22         FDRE                                         r  c0_reg[0]/R
  -------------------------------------------------------------------    -------------------

Slack:                    inf
  Source:                 reset
                            (input port)
  Destination:            c0_reg[1]/R
  Path Group:             (none)
  Path Type:              Max at Slow Process Corner
  Data Path Delay:        8.223ns  (logic 1.577ns (19.180%)  route 6.646ns (80.820%))
  Logic Levels:           2  (IBUF=1 LUT5=1)

    Location             Delay type                Incr(ns)  Path(ns)    Netlist Resource(s)
  -------------------------------------------------------------------    -------------------
    A17                                               0.000     0.000 r  reset (IN)
                         net (fo=0)                   0.000     0.000    reset
    A17                  IBUF (Prop_ibuf_I_O)         1.453     1.453 r  reset_IBUF_inst/O
                         net (fo=6, routed)           6.065     7.518    reset_IBUF
    SLICE_X62Y22         LUT5 (Prop_lut5_I0_O)        0.124     7.642 r  c0[3]_i_1/O
                         net (fo=4, routed)           0.581     8.223    c00
    SLICE_X62Y22         FDRE                                         r  c0_reg[1]/R
  -------------------------------------------------------------------    -------------------

Slack:                    inf
  Source:                 reset
                            (input port)
  Destination:            c0_reg[2]/R
  Path Group:             (none)
  Path Type:              Max at Slow Process Corner
  Data Path Delay:        8.223ns  (logic 1.577ns (19.180%)  route 6.646ns (80.820%))
  Logic Levels:           2  (IBUF=1 LUT5=1)

    Location             Delay type                Incr(ns)  Path(ns)    Netlist Resource(s)
  -------------------------------------------------------------------    -------------------
    A17                                               0.000     0.000 r  reset (IN)
                         net (fo=0)                   0.000     0.000    reset
    A17                  IBUF (Prop_ibuf_I_O)         1.453     1.453 r  reset_IBUF_inst/O
                         net (fo=6, routed)           6.065     7.518    reset_IBUF
    SLICE_X62Y22         LUT5 (Prop_lut5_I0_O)        0.124     7.642 r  c0[3]_i_1/O
                         net (fo=4, routed)           0.581     8.223    c00
    SLICE_X62Y22         FDRE                                         r  c0_reg[2]/R
  -------------------------------------------------------------------    -------------------

Slack:                    inf
  Source:                 reset
                            (input port)
  Destination:            c0_reg[3]/R
  Path Group:             (none)
  Path Type:              Max at Slow Process Corner
  Data Path Delay:        8.223ns  (logic 1.577ns (19.180%)  route 6.646ns (80.820%))
  Logic Levels:           2  (IBUF=1 LUT5=1)

    Location             Delay type                Incr(ns)  Path(ns)    Netlist Resource(s)
  -------------------------------------------------------------------    -------------------
    A17                                               0.000     0.000 r  reset (IN)
                         net (fo=0)                   0.000     0.000    reset
    A17                  IBUF (Prop_ibuf_I_O)         1.453     1.453 r  reset_IBUF_inst/O
                         net (fo=6, routed)           6.065     7.518    reset_IBUF
    SLICE_X62Y22         LUT5 (Prop_lut5_I0_O)        0.124     7.642 r  c0[3]_i_1/O
                         net (fo=4, routed)           0.581     8.223    c00
    SLICE_X62Y22         FDRE                                         r  c0_reg[3]/R
  -------------------------------------------------------------------    -------------------

Slack:                    inf
  Source:                 reset
                            (input port)
  Destination:            c2_reg[0]/R
  Path Group:             (none)
  Path Type:              Max at Slow Process Corner
  Data Path Delay:        7.569ns  (logic 1.453ns (19.198%)  route 6.116ns (80.802%))
  Logic Levels:           1  (IBUF=1)

    Location             Delay type                Incr(ns)  Path(ns)    Netlist Resource(s)
  -------------------------------------------------------------------    -------------------
    A17                                               0.000     0.000 r  reset (IN)
                         net (fo=0)                   0.000     0.000    reset
    A17                  IBUF (Prop_ibuf_I_O)         1.453     1.453 r  reset_IBUF_inst/O
                         net (fo=6, routed)           6.116     7.569    reset_IBUF
    SLICE_X63Y20         FDRE                                         r  c2_reg[0]/R
  -------------------------------------------------------------------    -------------------

Slack:                    inf
  Source:                 reset
                            (input port)
  Destination:            c2_reg[1]/R
  Path Group:             (none)
  Path Type:              Max at Slow Process Corner
  Data Path Delay:        7.569ns  (logic 1.453ns (19.198%)  route 6.116ns (80.802%))
  Logic Levels:           1  (IBUF=1)

    Location             Delay type                Incr(ns)  Path(ns)    Netlist Resource(s)
  -------------------------------------------------------------------    -------------------
    A17                                               0.000     0.000 r  reset (IN)
                         net (fo=0)                   0.000     0.000    reset
    A17                  IBUF (Prop_ibuf_I_O)         1.453     1.453 r  reset_IBUF_inst/O
                         net (fo=6, routed)           6.116     7.569    reset_IBUF
    SLICE_X63Y20         FDRE                                         r  c2_reg[1]/R
  -------------------------------------------------------------------    -------------------





Min Delay Paths
--------------------------------------------------------------------------------------
Slack:                    inf
  Source:                 c1_reg[2]/C
                            (rising edge-triggered cell FDRE)
  Destination:            c1_reg[3]/D
  Path Group:             (none)
  Path Type:              Min at Fast Process Corner
  Data Path Delay:        0.380ns  (logic 0.183ns (48.175%)  route 0.197ns (51.825%))
  Logic Levels:           2  (FDRE=1 LUT4=1)

    Location             Delay type                Incr(ns)  Path(ns)    Netlist Resource(s)
  -------------------------------------------------------------------    -------------------
    SLICE_X62Y20         FDRE                         0.000     0.000 r  c1_reg[2]/C
    SLICE_X62Y20         FDRE (Prop_fdre_C_Q)         0.141     0.141 r  c1_reg[2]/Q
                         net (fo=11, routed)          0.197     0.338    c1_reg[2]
    SLICE_X62Y20         LUT4 (Prop_lut4_I3_O)        0.042     0.380 r  c1[3]_i_3/O
                         net (fo=1, routed)           0.000     0.380    plusOp__1[3]
    SLICE_X62Y20         FDRE                                         r  c1_reg[3]/D
  -------------------------------------------------------------------    -------------------

Slack:                    inf
  Source:                 c1_reg[2]/C
                            (rising edge-triggered cell FDRE)
  Destination:            c1_reg[2]/D
  Path Group:             (none)
  Path Type:              Min at Fast Process Corner
  Data Path Delay:        0.383ns  (logic 0.186ns (48.581%)  route 0.197ns (51.419%))
  Logic Levels:           2  (FDRE=1 LUT3=1)

    Location             Delay type                Incr(ns)  Path(ns)    Netlist Resource(s)
  -------------------------------------------------------------------    -------------------
    SLICE_X62Y20         FDRE                         0.000     0.000 r  c1_reg[2]/C
    SLICE_X62Y20         FDRE (Prop_fdre_C_Q)         0.141     0.141 r  c1_reg[2]/Q
                         net (fo=11, routed)          0.197     0.338    c1_reg[2]
    SLICE_X62Y20         LUT3 (Prop_lut3_I0_O)        0.045     0.383 r  c1[2]_i_1/O
                         net (fo=1, routed)           0.000     0.383    c1[2]_i_1_n_0
    SLICE_X62Y20         FDRE                                         r  c1_reg[2]/D
  -------------------------------------------------------------------    -------------------

Slack:                    inf
  Source:                 c1_reg[0]/C
                            (rising edge-triggered cell FDRE)
  Destination:            c1_reg[1]/D
  Path Group:             (none)
  Path Type:              Min at Fast Process Corner
  Data Path Delay:        0.394ns  (logic 0.207ns (52.488%)  route 0.187ns (47.512%))
  Logic Levels:           2  (FDRE=1 LUT2=1)

    Location             Delay type                Incr(ns)  Path(ns)    Netlist Resource(s)
  -------------------------------------------------------------------    -------------------
    SLICE_X64Y20         FDRE                         0.000     0.000 r  c1_reg[0]/C
    SLICE_X64Y20         FDRE (Prop_fdre_C_Q)         0.164     0.164 r  c1_reg[0]/Q
                         net (fo=13, routed)          0.187     0.351    c1_reg[0]
    SLICE_X64Y20         LUT2 (Prop_lut2_I1_O)        0.043     0.394 r  c1[1]_i_1/O
                         net (fo=1, routed)           0.000     0.394    plusOp__1[1]
    SLICE_X64Y20         FDRE                                         r  c1_reg[1]/D
  -------------------------------------------------------------------    -------------------

Slack:                    inf
  Source:                 c1_reg[0]/C
                            (rising edge-triggered cell FDRE)
  Destination:            c1_reg[0]/D
  Path Group:             (none)
  Path Type:              Min at Fast Process Corner
  Data Path Delay:        0.396ns  (logic 0.209ns (52.728%)  route 0.187ns (47.272%))
  Logic Levels:           2  (FDRE=1 LUT1=1)

    Location             Delay type                Incr(ns)  Path(ns)    Netlist Resource(s)
  -------------------------------------------------------------------    -------------------
    SLICE_X64Y20         FDRE                         0.000     0.000 r  c1_reg[0]/C
    SLICE_X64Y20         FDRE (Prop_fdre_C_Q)         0.164     0.164 f  c1_reg[0]/Q
                         net (fo=13, routed)          0.187     0.351    c1_reg[0]
    SLICE_X64Y20         LUT1 (Prop_lut1_I0_O)        0.045     0.396 r  c1[0]_i_1/O
                         net (fo=1, routed)           0.000     0.396    c1[0]_i_1_n_0
    SLICE_X64Y20         FDRE                                         r  c1_reg[0]/D
  -------------------------------------------------------------------    -------------------

Slack:                    inf
  Source:                 c0_reg[0]/C
                            (rising edge-triggered cell FDRE)
  Destination:            c0_reg[3]/D
  Path Group:             (none)
  Path Type:              Min at Fast Process Corner
  Data Path Delay:        0.402ns  (logic 0.184ns (45.745%)  route 0.218ns (54.255%))
  Logic Levels:           2  (FDRE=1 LUT4=1)

    Location             Delay type                Incr(ns)  Path(ns)    Netlist Resource(s)
  -------------------------------------------------------------------    -------------------
    SLICE_X62Y22         FDRE                         0.000     0.000 r  c0_reg[0]/C
    SLICE_X62Y22         FDRE (Prop_fdre_C_Q)         0.141     0.141 r  c0_reg[0]/Q
                         net (fo=13, routed)          0.218     0.359    c0_reg[0]
    SLICE_X62Y22         LUT4 (Prop_lut4_I2_O)        0.043     0.402 r  c0[3]_i_2/O
                         net (fo=1, routed)           0.000     0.402    plusOp__0[3]
    SLICE_X62Y22         FDRE                                         r  c0_reg[3]/D
  -------------------------------------------------------------------    -------------------

Slack:                    inf
  Source:                 c0_reg[0]/C
                            (rising edge-triggered cell FDRE)
  Destination:            c0_reg[2]/D
  Path Group:             (none)
  Path Type:              Min at Fast Process Corner
  Data Path Delay:        0.404ns  (logic 0.186ns (46.013%)  route 0.218ns (53.987%))
  Logic Levels:           2  (FDRE=1 LUT3=1)

    Location             Delay type                Incr(ns)  Path(ns)    Netlist Resource(s)
  -------------------------------------------------------------------    -------------------
    SLICE_X62Y22         FDRE                         0.000     0.000 r  c0_reg[0]/C
    SLICE_X62Y22         FDRE (Prop_fdre_C_Q)         0.141     0.141 r  c0_reg[0]/Q
                         net (fo=13, routed)          0.218     0.359    c0_reg[0]
    SLICE_X62Y22         LUT3 (Prop_lut3_I1_O)        0.045     0.404 r  c0[2]_i_1/O
                         net (fo=1, routed)           0.000     0.404    plusOp__0[2]
    SLICE_X62Y22         FDRE                                         r  c0_reg[2]/D
  -------------------------------------------------------------------    -------------------

Slack:                    inf
  Source:                 c0_reg[0]/C
                            (rising edge-triggered cell FDRE)
  Destination:            c0_reg[1]/D
  Path Group:             (none)
  Path Type:              Min at Fast Process Corner
  Data Path Delay:        0.412ns  (logic 0.183ns (44.401%)  route 0.229ns (55.599%))
  Logic Levels:           2  (FDRE=1 LUT2=1)

    Location             Delay type                Incr(ns)  Path(ns)    Netlist Resource(s)
  -------------------------------------------------------------------    -------------------
    SLICE_X62Y22         FDRE                         0.000     0.000 r  c0_reg[0]/C
    SLICE_X62Y22         FDRE (Prop_fdre_C_Q)         0.141     0.141 r  c0_reg[0]/Q
                         net (fo=13, routed)          0.229     0.370    c0_reg[0]
    SLICE_X62Y22         LUT2 (Prop_lut2_I1_O)        0.042     0.412 r  c0[1]_i_1/O
                         net (fo=1, routed)           0.000     0.412    plusOp__0[1]
    SLICE_X62Y22         FDRE                                         r  c0_reg[1]/D
  -------------------------------------------------------------------    -------------------

Slack:                    inf
  Source:                 c0_reg[0]/C
                            (rising edge-triggered cell FDRE)
  Destination:            c0_reg[0]/D
  Path Group:             (none)
  Path Type:              Min at Fast Process Corner
  Data Path Delay:        0.415ns  (logic 0.186ns (44.803%)  route 0.229ns (55.197%))
  Logic Levels:           2  (FDRE=1 LUT1=1)

    Location             Delay type                Incr(ns)  Path(ns)    Netlist Resource(s)
  -------------------------------------------------------------------    -------------------
    SLICE_X62Y22         FDRE                         0.000     0.000 r  c0_reg[0]/C
    SLICE_X62Y22         FDRE (Prop_fdre_C_Q)         0.141     0.141 f  c0_reg[0]/Q
                         net (fo=13, routed)          0.229     0.370    c0_reg[0]
    SLICE_X62Y22         LUT1 (Prop_lut1_I0_O)        0.045     0.415 r  c0[0]_i_1/O
                         net (fo=1, routed)           0.000     0.415    c0[0]_i_1_n_0
    SLICE_X62Y22         FDRE                                         r  c0_reg[0]/D
  -------------------------------------------------------------------    -------------------

Slack:                    inf
  Source:                 refresh_counter_reg[0]/C
                            (rising edge-triggered cell FDRE)
  Destination:            refresh_counter_reg[1]/D
  Path Group:             (none)
  Path Type:              Min at Fast Process Corner
  Data Path Delay:        0.416ns  (logic 0.183ns (43.948%)  route 0.233ns (56.052%))
  Logic Levels:           2  (FDRE=1 LUT2=1)

    Location             Delay type                Incr(ns)  Path(ns)    Netlist Resource(s)
  -------------------------------------------------------------------    -------------------
    SLICE_X62Y23         FDRE                         0.000     0.000 r  refresh_counter_reg[0]/C
    SLICE_X62Y23         FDRE (Prop_fdre_C_Q)         0.141     0.141 r  refresh_counter_reg[0]/Q
                         net (fo=16, routed)          0.233     0.374    sel0[4]
    SLICE_X62Y23         LUT2 (Prop_lut2_I0_O)        0.042     0.416 r  refresh_counter[1]_i_1/O
                         net (fo=1, routed)           0.000     0.416    plusOp[1]
    SLICE_X62Y23         FDRE                                         r  refresh_counter_reg[1]/D
  -------------------------------------------------------------------    -------------------

Slack:                    inf
  Source:                 refresh_counter_reg[0]/C
                            (rising edge-triggered cell FDRE)
  Destination:            refresh_counter_reg[0]/D
  Path Group:             (none)
  Path Type:              Min at Fast Process Corner
  Data Path Delay:        0.419ns  (logic 0.186ns (44.349%)  route 0.233ns (55.651%))
  Logic Levels:           2  (FDRE=1 LUT1=1)

    Location             Delay type                Incr(ns)  Path(ns)    Netlist Resource(s)
  -------------------------------------------------------------------    -------------------
    SLICE_X62Y23         FDRE                         0.000     0.000 r  refresh_counter_reg[0]/C
    SLICE_X62Y23         FDRE (Prop_fdre_C_Q)         0.141     0.141 f  refresh_counter_reg[0]/Q
                         net (fo=16, routed)          0.233     0.374    sel0[4]
    SLICE_X62Y23         LUT1 (Prop_lut1_I0_O)        0.045     0.419 r  refresh_counter[0]_i_1/O
                         net (fo=1, routed)           0.000     0.419    plusOp[0]
    SLICE_X62Y23         FDRE                                         r  refresh_counter_reg[0]/D
  -------------------------------------------------------------------    -------------------





