Copyright 1986-2022 Xilinx, Inc. All Rights Reserved. Copyright 2022-2023 Advanced Micro Devices, Inc. All Rights Reserved.
---------------------------------------------------------------------------------------------------------------------------------------------------------------------------------------------------------
| Tool Version : Vivado v.2023.2 (win64) Build 4029153 Fri Oct 13 20:14:34 MDT 2023
| Date         : Thu Feb 27 16:56:35 2025
| Host         : GRINDEN-2310 running 64-bit major release  (build 9200)
| Command      : report_timing_summary -max_paths 10 -report_unconstrained -file dice_timing_summary_routed.rpt -pb dice_timing_summary_routed.pb -rpx dice_timing_summary_routed.rpx -warn_on_violation
| Design       : dice
| Device       : 7a35t-cpg236
| Speed File   : -1  PRODUCTION 1.23 2018-06-13
| Design State : Routed
---------------------------------------------------------------------------------------------------------------------------------------------------------------------------------------------------------

Timing Summary Report

------------------------------------------------------------------------------------------------
| Timer Settings
| --------------
------------------------------------------------------------------------------------------------

  Enable Multi Corner Analysis               :  Yes
  Enable Pessimism Removal                   :  Yes
  Pessimism Removal Resolution               :  Nearest Common Node
  Enable Input Delay Default Clock           :  No
  Enable Preset / Clear Arcs                 :  No
  Disable Flight Delays                      :  No
  Ignore I/O Paths                           :  No
  Timing Early Launch at Borrowing Latches   :  No
  Borrow Time for Max Delay Exceptions       :  Yes
  Merge Timing Exceptions                    :  Yes
  Inter-SLR Compensation                     :  Conservative

  Corner  Analyze    Analyze    
  Name    Max Paths  Min Paths  
  ------  ---------  ---------  
  Slow    Yes        Yes        
  Fast    Yes        Yes        


------------------------------------------------------------------------------------------------
| Report Methodology
| ------------------
------------------------------------------------------------------------------------------------

Rule       Severity          Description                  Violations  
---------  ----------------  ---------------------------  ----------  
TIMING-17  Critical Warning  Non-clocked sequential cell  6           

Note: This report is based on the most recent report_methodology run and may not be up-to-date. Run report_methodology on the current design for the latest report.



check_timing report

Table of Contents
-----------------
1. checking no_clock (6)
2. checking constant_clock (0)
3. checking pulse_width_clock (0)
4. checking unconstrained_internal_endpoints (16)
5. checking no_input_delay (3)
6. checking no_output_delay (7)
7. checking multiple_clock (0)
8. checking generated_clocks (0)
9. checking loops (0)
10. checking partial_input_delay (0)
11. checking partial_output_delay (0)
12. checking latch_loops (0)

1. checking no_clock (6)
------------------------
 There are 6 register/latch pins with no clock driven by root clock pin: clk (HIGH)


2. checking constant_clock (0)
------------------------------
 There are 0 register/latch pins with constant_clock.


3. checking pulse_width_clock (0)
---------------------------------
 There are 0 register/latch pins which need pulse_width check


4. checking unconstrained_internal_endpoints (16)
-------------------------------------------------
 There are 16 pins that are not constrained for maximum delay. (HIGH)

 There are 0 pins that are not constrained for maximum delay due to constant clock.


5. checking no_input_delay (3)
------------------------------
 There are 3 input ports with no input delay specified. (HIGH)

 There are 0 input ports with no input delay but user has a false path constraint.


6. checking no_output_delay (7)
-------------------------------
 There are 7 ports with no output delay specified. (HIGH)

 There are 0 ports with no output delay but user has a false path constraint

 There are 0 ports with no output delay but with a timing clock defined on it or propagating through it


7. checking multiple_clock (0)
------------------------------
 There are 0 register/latch pins with multiple clocks.


8. checking generated_clocks (0)
--------------------------------
 There are 0 generated clocks that are not connected to a clock source.


9. checking loops (0)
---------------------
 There are 0 combinational loops in the design.


10. checking partial_input_delay (0)
------------------------------------
 There are 0 input ports with partial input delay specified.


11. checking partial_output_delay (0)
-------------------------------------
 There are 0 ports with partial output delay specified.


12. checking latch_loops (0)
----------------------------
 There are 0 combinational latch loops in the design through latch input



------------------------------------------------------------------------------------------------
| Design Timing Summary
| ---------------------
------------------------------------------------------------------------------------------------

    WNS(ns)      TNS(ns)  TNS Failing Endpoints  TNS Total Endpoints      WHS(ns)      THS(ns)  THS Failing Endpoints  THS Total Endpoints     WPWS(ns)     TPWS(ns)  TPWS Failing Endpoints  TPWS Total Endpoints  
    -------      -------  ---------------------  -------------------      -------      -------  ---------------------  -------------------     --------     --------  ----------------------  --------------------  
        inf        0.000                      0                   23          inf        0.000                      0                   23           NA           NA                      NA                    NA  


There are no user specified timing constraints.


------------------------------------------------------------------------------------------------
| Clock Summary
| -------------
------------------------------------------------------------------------------------------------


------------------------------------------------------------------------------------------------
| Intra Clock Table
| -----------------
------------------------------------------------------------------------------------------------

Clock             WNS(ns)      TNS(ns)  TNS Failing Endpoints  TNS Total Endpoints      WHS(ns)      THS(ns)  THS Failing Endpoints  THS Total Endpoints     WPWS(ns)     TPWS(ns)  TPWS Failing Endpoints  TPWS Total Endpoints  
-----             -------      -------  ---------------------  -------------------      -------      -------  ---------------------  -------------------     --------     --------  ----------------------  --------------------  


------------------------------------------------------------------------------------------------
| Inter Clock Table
| -----------------
------------------------------------------------------------------------------------------------

From Clock    To Clock          WNS(ns)      TNS(ns)  TNS Failing Endpoints  TNS Total Endpoints      WHS(ns)      THS(ns)  THS Failing Endpoints  THS Total Endpoints  
----------    --------          -------      -------  ---------------------  -------------------      -------      -------  ---------------------  -------------------  


------------------------------------------------------------------------------------------------
| Other Path Groups Table
| -----------------------
------------------------------------------------------------------------------------------------

Path Group    From Clock    To Clock          WNS(ns)      TNS(ns)  TNS Failing Endpoints  TNS Total Endpoints      WHS(ns)      THS(ns)  THS Failing Endpoints  THS Total Endpoints  
----------    ----------    --------          -------      -------  ---------------------  -------------------      -------      -------  ---------------------  -------------------  


------------------------------------------------------------------------------------------------
| User Ignored Path Table
| -----------------------
------------------------------------------------------------------------------------------------

Path Group    From Clock    To Clock    
----------    ----------    --------    


------------------------------------------------------------------------------------------------
| Unconstrained Path Table
| ------------------------
------------------------------------------------------------------------------------------------

Path Group    From Clock    To Clock    
----------    ----------    --------    
(none)                                    


------------------------------------------------------------------------------------------------
| Timing Details
| --------------
------------------------------------------------------------------------------------------------


--------------------------------------------------------------------------------------
Path Group:  (none)
From Clock:  
  To Clock:  

Max Delay            23 Endpoints
Min Delay            23 Endpoints
--------------------------------------------------------------------------------------


Max Delay Paths
--------------------------------------------------------------------------------------
Slack:                    inf
  Source:                 count_reg[0]/C
                            (rising edge-triggered cell FDPE)
  Destination:            seg[4]
                            (output port)
  Path Group:             (none)
  Path Type:              Max at Slow Process Corner
  Data Path Delay:        7.304ns  (logic 4.333ns (59.318%)  route 2.972ns (40.682%))
  Logic Levels:           3  (FDPE=1 LUT4=1 OBUF=1)

    Location             Delay type                Incr(ns)  Path(ns)    Netlist Resource(s)
  -------------------------------------------------------------------    -------------------
    SLICE_X55Y22         FDPE                         0.000     0.000 r  count_reg[0]/C
    SLICE_X55Y22         FDPE (Prop_fdpe_C_Q)         0.456     0.456 r  count_reg[0]/Q
                         net (fo=9, routed)           0.845     1.301    count_reg_n_0_[0]
    SLICE_X55Y21         LUT4 (Prop_lut4_I1_O)        0.154     1.455 r  seg_OBUF[4]_inst_i_1/O
                         net (fo=1, routed)           2.126     3.582    seg_OBUF[4]
    U5                   OBUF (Prop_obuf_I_O)         3.723     7.304 r  seg_OBUF[4]_inst/O
                         net (fo=0)                   0.000     7.304    seg[4]
    U5                                                                r  seg[4] (OUT)
  -------------------------------------------------------------------    -------------------

Slack:                    inf
  Source:                 count_reg[2]/C
                            (rising edge-triggered cell FDCE)
  Destination:            seg[6]
                            (output port)
  Path Group:             (none)
  Path Type:              Max at Slow Process Corner
  Data Path Delay:        7.285ns  (logic 4.249ns (58.333%)  route 3.035ns (41.667%))
  Logic Levels:           3  (FDCE=1 LUT3=1 OBUF=1)

    Location             Delay type                Incr(ns)  Path(ns)    Netlist Resource(s)
  -------------------------------------------------------------------    -------------------
    SLICE_X55Y21         FDCE                         0.000     0.000 r  count_reg[2]/C
    SLICE_X55Y21         FDCE (Prop_fdce_C_Q)         0.419     0.419 f  count_reg[2]/Q
                         net (fo=9, routed)           0.855     1.274    count_reg_n_0_[2]
    SLICE_X56Y21         LUT3 (Prop_lut3_I2_O)        0.299     1.573 r  seg_OBUF[6]_inst_i_1/O
                         net (fo=1, routed)           2.180     3.753    seg_OBUF[6]
    U7                   OBUF (Prop_obuf_I_O)         3.531     7.285 r  seg_OBUF[6]_inst/O
                         net (fo=0)                   0.000     7.285    seg[6]
    U7                                                                r  seg[6] (OUT)
  -------------------------------------------------------------------    -------------------

Slack:                    inf
  Source:                 count_reg[0]/C
                            (rising edge-triggered cell FDPE)
  Destination:            seg[2]
                            (output port)
  Path Group:             (none)
  Path Type:              Max at Slow Process Corner
  Data Path Delay:        7.275ns  (logic 4.348ns (59.766%)  route 2.927ns (40.234%))
  Logic Levels:           3  (FDPE=1 LUT4=1 OBUF=1)

    Location             Delay type                Incr(ns)  Path(ns)    Netlist Resource(s)
  -------------------------------------------------------------------    -------------------
    SLICE_X55Y22         FDPE                         0.000     0.000 r  count_reg[0]/C
    SLICE_X55Y22         FDPE (Prop_fdpe_C_Q)         0.456     0.456 f  count_reg[0]/Q
                         net (fo=9, routed)           0.850     1.306    count_reg_n_0_[0]
    SLICE_X55Y21         LUT4 (Prop_lut4_I3_O)        0.149     1.455 r  seg_OBUF[2]_inst_i_1/O
                         net (fo=1, routed)           2.077     3.532    seg_OBUF[2]
    U8                   OBUF (Prop_obuf_I_O)         3.743     7.275 r  seg_OBUF[2]_inst/O
                         net (fo=0)                   0.000     7.275    seg[2]
    U8                                                                r  seg[2] (OUT)
  -------------------------------------------------------------------    -------------------

Slack:                    inf
  Source:                 count_reg[0]/C
                            (rising edge-triggered cell FDPE)
  Destination:            seg[0]
                            (output port)
  Path Group:             (none)
  Path Type:              Max at Slow Process Corner
  Data Path Delay:        7.172ns  (logic 4.091ns (57.039%)  route 3.081ns (42.961%))
  Logic Levels:           3  (FDPE=1 LUT4=1 OBUF=1)

    Location             Delay type                Incr(ns)  Path(ns)    Netlist Resource(s)
  -------------------------------------------------------------------    -------------------
    SLICE_X55Y22         FDPE                         0.000     0.000 r  count_reg[0]/C
    SLICE_X55Y22         FDPE (Prop_fdpe_C_Q)         0.456     0.456 r  count_reg[0]/Q
                         net (fo=9, routed)           0.845     1.301    count_reg_n_0_[0]
    SLICE_X55Y21         LUT4 (Prop_lut4_I1_O)        0.124     1.425 r  seg_OBUF[3]_inst_i_1/O
                         net (fo=2, routed)           2.236     3.661    seg_OBUF[0]
    W7                   OBUF (Prop_obuf_I_O)         3.511     7.172 r  seg_OBUF[0]_inst/O
                         net (fo=0)                   0.000     7.172    seg[0]
    W7                                                                r  seg[0] (OUT)
  -------------------------------------------------------------------    -------------------

Slack:                    inf
  Source:                 count_reg[0]/C
                            (rising edge-triggered cell FDPE)
  Destination:            seg[5]
                            (output port)
  Path Group:             (none)
  Path Type:              Max at Slow Process Corner
  Data Path Delay:        7.047ns  (logic 4.084ns (57.960%)  route 2.963ns (42.040%))
  Logic Levels:           3  (FDPE=1 LUT4=1 OBUF=1)

    Location             Delay type                Incr(ns)  Path(ns)    Netlist Resource(s)
  -------------------------------------------------------------------    -------------------
    SLICE_X55Y22         FDPE                         0.000     0.000 r  count_reg[0]/C
    SLICE_X55Y22         FDPE (Prop_fdpe_C_Q)         0.456     0.456 r  count_reg[0]/Q
                         net (fo=9, routed)           0.850     1.306    count_reg_n_0_[0]
    SLICE_X55Y21         LUT4 (Prop_lut4_I2_O)        0.124     1.430 r  seg_OBUF[5]_inst_i_1/O
                         net (fo=1, routed)           2.112     3.543    seg_OBUF[5]
    V5                   OBUF (Prop_obuf_I_O)         3.504     7.047 r  seg_OBUF[5]_inst/O
                         net (fo=0)                   0.000     7.047    seg[5]
    V5                                                                r  seg[5] (OUT)
  -------------------------------------------------------------------    -------------------

Slack:                    inf
  Source:                 reset
                            (input port)
  Destination:            count_reg[1]/CLR
  Path Group:             (none)
  Path Type:              Max at Slow Process Corner
  Data Path Delay:        6.985ns  (logic 1.453ns (20.803%)  route 5.532ns (79.197%))
  Logic Levels:           1  (IBUF=1)

    Location             Delay type                Incr(ns)  Path(ns)    Netlist Resource(s)
  -------------------------------------------------------------------    -------------------
    A17                                               0.000     0.000 f  reset (IN)
                         net (fo=0)                   0.000     0.000    reset
    A17                  IBUF (Prop_ibuf_I_O)         1.453     1.453 f  reset_IBUF_inst/O
                         net (fo=6, routed)           5.532     6.985    reset_IBUF
    SLICE_X55Y21         FDCE                                         f  count_reg[1]/CLR
  -------------------------------------------------------------------    -------------------

Slack:                    inf
  Source:                 reset
                            (input port)
  Destination:            count_reg[2]/CLR
  Path Group:             (none)
  Path Type:              Max at Slow Process Corner
  Data Path Delay:        6.985ns  (logic 1.453ns (20.803%)  route 5.532ns (79.197%))
  Logic Levels:           1  (IBUF=1)

    Location             Delay type                Incr(ns)  Path(ns)    Netlist Resource(s)
  -------------------------------------------------------------------    -------------------
    A17                                               0.000     0.000 f  reset (IN)
                         net (fo=0)                   0.000     0.000    reset
    A17                  IBUF (Prop_ibuf_I_O)         1.453     1.453 f  reset_IBUF_inst/O
                         net (fo=6, routed)           5.532     6.985    reset_IBUF
    SLICE_X55Y21         FDCE                                         f  count_reg[2]/CLR
  -------------------------------------------------------------------    -------------------

Slack:                    inf
  Source:                 reset
                            (input port)
  Destination:            count_reg[3]/CLR
  Path Group:             (none)
  Path Type:              Max at Slow Process Corner
  Data Path Delay:        6.985ns  (logic 1.453ns (20.803%)  route 5.532ns (79.197%))
  Logic Levels:           1  (IBUF=1)

    Location             Delay type                Incr(ns)  Path(ns)    Netlist Resource(s)
  -------------------------------------------------------------------    -------------------
    A17                                               0.000     0.000 f  reset (IN)
                         net (fo=0)                   0.000     0.000    reset
    A17                  IBUF (Prop_ibuf_I_O)         1.453     1.453 f  reset_IBUF_inst/O
                         net (fo=6, routed)           5.532     6.985    reset_IBUF
    SLICE_X55Y21         FDCE                                         f  count_reg[3]/CLR
  -------------------------------------------------------------------    -------------------

Slack:                    inf
  Source:                 count_reg[0]/C
                            (rising edge-triggered cell FDPE)
  Destination:            seg[3]
                            (output port)
  Path Group:             (none)
  Path Type:              Max at Slow Process Corner
  Data Path Delay:        6.915ns  (logic 4.116ns (59.513%)  route 2.800ns (40.487%))
  Logic Levels:           3  (FDPE=1 LUT4=1 OBUF=1)

    Location             Delay type                Incr(ns)  Path(ns)    Netlist Resource(s)
  -------------------------------------------------------------------    -------------------
    SLICE_X55Y22         FDPE                         0.000     0.000 r  count_reg[0]/C
    SLICE_X55Y22         FDPE (Prop_fdpe_C_Q)         0.456     0.456 r  count_reg[0]/Q
                         net (fo=9, routed)           0.845     1.301    count_reg_n_0_[0]
    SLICE_X55Y21         LUT4 (Prop_lut4_I1_O)        0.124     1.425 r  seg_OBUF[3]_inst_i_1/O
                         net (fo=2, routed)           1.954     3.380    seg_OBUF[0]
    V8                   OBUF (Prop_obuf_I_O)         3.536     6.915 r  seg_OBUF[3]_inst/O
                         net (fo=0)                   0.000     6.915    seg[3]
    V8                                                                r  seg[3] (OUT)
  -------------------------------------------------------------------    -------------------

Slack:                    inf
  Source:                 count_reg[1]/C
                            (rising edge-triggered cell FDCE)
  Destination:            seg[1]
                            (output port)
  Path Group:             (none)
  Path Type:              Max at Slow Process Corner
  Data Path Delay:        6.897ns  (logic 4.109ns (59.582%)  route 2.788ns (40.418%))
  Logic Levels:           3  (FDCE=1 LUT4=1 OBUF=1)

    Location             Delay type                Incr(ns)  Path(ns)    Netlist Resource(s)
  -------------------------------------------------------------------    -------------------
    SLICE_X55Y21         FDCE                         0.000     0.000 r  count_reg[1]/C
    SLICE_X55Y21         FDCE (Prop_fdce_C_Q)         0.456     0.456 r  count_reg[1]/Q
                         net (fo=9, routed)           0.845     1.301    count_reg_n_0_[1]
    SLICE_X55Y21         LUT4 (Prop_lut4_I0_O)        0.124     1.425 r  seg_OBUF[1]_inst_i_1/O
                         net (fo=1, routed)           1.942     3.368    seg_OBUF[1]
    W6                   OBUF (Prop_obuf_I_O)         3.529     6.897 r  seg_OBUF[1]_inst/O
                         net (fo=0)                   0.000     6.897    seg[1]
    W6                                                                r  seg[1] (OUT)
  -------------------------------------------------------------------    -------------------





Min Delay Paths
--------------------------------------------------------------------------------------
Slack:                    inf
  Source:                 count_reg[0]/C
                            (rising edge-triggered cell FDPE)
  Destination:            count_reg[0]/D
  Path Group:             (none)
  Path Type:              Min at Fast Process Corner
  Data Path Delay:        0.354ns  (logic 0.186ns (52.507%)  route 0.168ns (47.493%))
  Logic Levels:           2  (FDPE=1 LUT1=1)

    Location             Delay type                Incr(ns)  Path(ns)    Netlist Resource(s)
  -------------------------------------------------------------------    -------------------
    SLICE_X55Y22         FDPE                         0.000     0.000 r  count_reg[0]/C
    SLICE_X55Y22         FDPE (Prop_fdpe_C_Q)         0.141     0.141 f  count_reg[0]/Q
                         net (fo=9, routed)           0.168     0.309    count_reg_n_0_[0]
    SLICE_X55Y22         LUT1 (Prop_lut1_I0_O)        0.045     0.354 r  count[0]_i_1/O
                         net (fo=1, routed)           0.000     0.354    count[0]_i_1_n_0
    SLICE_X55Y22         FDPE                                         r  count_reg[0]/D
  -------------------------------------------------------------------    -------------------

Slack:                    inf
  Source:                 count_reg[0]/C
                            (rising edge-triggered cell FDPE)
  Destination:            count_reg[1]/D
  Path Group:             (none)
  Path Type:              Min at Fast Process Corner
  Data Path Delay:        0.360ns  (logic 0.186ns (51.611%)  route 0.174ns (48.389%))
  Logic Levels:           2  (FDPE=1 LUT5=1)

    Location             Delay type                Incr(ns)  Path(ns)    Netlist Resource(s)
  -------------------------------------------------------------------    -------------------
    SLICE_X55Y22         FDPE                         0.000     0.000 r  count_reg[0]/C
    SLICE_X55Y22         FDPE (Prop_fdpe_C_Q)         0.141     0.141 r  count_reg[0]/Q
                         net (fo=9, routed)           0.174     0.315    count_reg_n_0_[0]
    SLICE_X55Y21         LUT5 (Prop_lut5_I2_O)        0.045     0.360 r  count[1]_i_1/O
                         net (fo=1, routed)           0.000     0.360    count[1]_i_1_n_0
    SLICE_X55Y21         FDCE                                         r  count_reg[1]/D
  -------------------------------------------------------------------    -------------------

Slack:                    inf
  Source:                 count_reg[0]/C
                            (rising edge-triggered cell FDPE)
  Destination:            count_reg[2]/D
  Path Group:             (none)
  Path Type:              Min at Fast Process Corner
  Data Path Delay:        0.363ns  (logic 0.189ns (52.010%)  route 0.174ns (47.990%))
  Logic Levels:           2  (FDPE=1 LUT5=1)

    Location             Delay type                Incr(ns)  Path(ns)    Netlist Resource(s)
  -------------------------------------------------------------------    -------------------
    SLICE_X55Y22         FDPE                         0.000     0.000 r  count_reg[0]/C
    SLICE_X55Y22         FDPE (Prop_fdpe_C_Q)         0.141     0.141 r  count_reg[0]/Q
                         net (fo=9, routed)           0.174     0.315    count_reg_n_0_[0]
    SLICE_X55Y21         LUT5 (Prop_lut5_I2_O)        0.048     0.363 r  count[2]_i_1/O
                         net (fo=1, routed)           0.000     0.363    count[2]_i_1_n_0
    SLICE_X55Y21         FDCE                                         r  count_reg[2]/D
  -------------------------------------------------------------------    -------------------

Slack:                    inf
  Source:                 count_reg[0]/C
                            (rising edge-triggered cell FDPE)
  Destination:            count_reg[3]/D
  Path Group:             (none)
  Path Type:              Min at Fast Process Corner
  Data Path Delay:        0.365ns  (logic 0.190ns (51.999%)  route 0.175ns (48.001%))
  Logic Levels:           2  (FDPE=1 LUT5=1)

    Location             Delay type                Incr(ns)  Path(ns)    Netlist Resource(s)
  -------------------------------------------------------------------    -------------------
    SLICE_X55Y22         FDPE                         0.000     0.000 r  count_reg[0]/C
    SLICE_X55Y22         FDPE (Prop_fdpe_C_Q)         0.141     0.141 r  count_reg[0]/Q
                         net (fo=9, routed)           0.175     0.316    count_reg_n_0_[0]
    SLICE_X55Y21         LUT5 (Prop_lut5_I2_O)        0.049     0.365 r  count[3]_i_1/O
                         net (fo=1, routed)           0.000     0.365    count[3]_i_1_n_0
    SLICE_X55Y21         FDCE                                         r  count_reg[3]/D
  -------------------------------------------------------------------    -------------------

Slack:                    inf
  Source:                 roll_sync_reg/C
                            (rising edge-triggered cell FDCE)
  Destination:            count_reg[0]/CE
  Path Group:             (none)
  Path Type:              Min at Fast Process Corner
  Data Path Delay:        0.544ns  (logic 0.141ns (25.915%)  route 0.403ns (74.085%))
  Logic Levels:           1  (FDCE=1)

    Location             Delay type                Incr(ns)  Path(ns)    Netlist Resource(s)
  -------------------------------------------------------------------    -------------------
    SLICE_X40Y23         FDCE                         0.000     0.000 r  roll_sync_reg/C
    SLICE_X40Y23         FDCE (Prop_fdce_C_Q)         0.141     0.141 r  roll_sync_reg/Q
                         net (fo=4, routed)           0.403     0.544    roll_sync
    SLICE_X55Y22         FDPE                                         r  count_reg[0]/CE
  -------------------------------------------------------------------    -------------------

Slack:                    inf
  Source:                 roll_sync_reg/C
                            (rising edge-triggered cell FDCE)
  Destination:            count_reg[1]/CE
  Path Group:             (none)
  Path Type:              Min at Fast Process Corner
  Data Path Delay:        0.597ns  (logic 0.141ns (23.620%)  route 0.456ns (76.380%))
  Logic Levels:           1  (FDCE=1)

    Location             Delay type                Incr(ns)  Path(ns)    Netlist Resource(s)
  -------------------------------------------------------------------    -------------------
    SLICE_X40Y23         FDCE                         0.000     0.000 r  roll_sync_reg/C
    SLICE_X40Y23         FDCE (Prop_fdce_C_Q)         0.141     0.141 r  roll_sync_reg/Q
                         net (fo=4, routed)           0.456     0.597    roll_sync
    SLICE_X55Y21         FDCE                                         r  count_reg[1]/CE
  -------------------------------------------------------------------    -------------------

Slack:                    inf
  Source:                 roll_sync_reg/C
                            (rising edge-triggered cell FDCE)
  Destination:            count_reg[2]/CE
  Path Group:             (none)
  Path Type:              Min at Fast Process Corner
  Data Path Delay:        0.597ns  (logic 0.141ns (23.620%)  route 0.456ns (76.380%))
  Logic Levels:           1  (FDCE=1)

    Location             Delay type                Incr(ns)  Path(ns)    Netlist Resource(s)
  -------------------------------------------------------------------    -------------------
    SLICE_X40Y23         FDCE                         0.000     0.000 r  roll_sync_reg/C
    SLICE_X40Y23         FDCE (Prop_fdce_C_Q)         0.141     0.141 r  roll_sync_reg/Q
                         net (fo=4, routed)           0.456     0.597    roll_sync
    SLICE_X55Y21         FDCE                                         r  count_reg[2]/CE
  -------------------------------------------------------------------    -------------------

Slack:                    inf
  Source:                 roll_sync_reg/C
                            (rising edge-triggered cell FDCE)
  Destination:            count_reg[3]/CE
  Path Group:             (none)
  Path Type:              Min at Fast Process Corner
  Data Path Delay:        0.597ns  (logic 0.141ns (23.620%)  route 0.456ns (76.380%))
  Logic Levels:           1  (FDCE=1)

    Location             Delay type                Incr(ns)  Path(ns)    Netlist Resource(s)
  -------------------------------------------------------------------    -------------------
    SLICE_X40Y23         FDCE                         0.000     0.000 r  roll_sync_reg/C
    SLICE_X40Y23         FDCE (Prop_fdce_C_Q)         0.141     0.141 r  roll_sync_reg/Q
                         net (fo=4, routed)           0.456     0.597    roll_sync
    SLICE_X55Y21         FDCE                                         r  count_reg[3]/CE
  -------------------------------------------------------------------    -------------------

Slack:                    inf
  Source:                 fake
                            (input port)
  Destination:            fake_sync_reg/D
  Path Group:             (none)
  Path Type:              Min at Fast Process Corner
  Data Path Delay:        1.052ns  (logic 0.214ns (20.318%)  route 0.839ns (79.682%))
  Logic Levels:           1  (IBUF=1)

    Location             Delay type                Incr(ns)  Path(ns)    Netlist Resource(s)
  -------------------------------------------------------------------    -------------------
    R18                                               0.000     0.000 r  fake (IN)
                         net (fo=0)                   0.000     0.000    fake
    R18                  IBUF (Prop_ibuf_I_O)         0.214     0.214 r  fake_IBUF_inst/O
                         net (fo=1, routed)           0.839     1.052    fake_IBUF
    SLICE_X38Y21         FDCE                                         r  fake_sync_reg/D
  -------------------------------------------------------------------    -------------------

Slack:                    inf
  Source:                 roll
                            (input port)
  Destination:            roll_sync_reg/D
  Path Group:             (none)
  Path Type:              Min at Fast Process Corner
  Data Path Delay:        1.171ns  (logic 0.232ns (19.832%)  route 0.938ns (80.168%))
  Logic Levels:           1  (IBUF=1)

    Location             Delay type                Incr(ns)  Path(ns)    Netlist Resource(s)
  -------------------------------------------------------------------    -------------------
    M19                                               0.000     0.000 r  roll (IN)
                         net (fo=0)                   0.000     0.000    roll
    M19                  IBUF (Prop_ibuf_I_O)         0.232     0.232 r  roll_IBUF_inst/O
                         net (fo=1, routed)           0.938     1.171    roll_IBUF
    SLICE_X40Y23         FDCE                                         r  roll_sync_reg/D
  -------------------------------------------------------------------    -------------------





