Copyright 1986-2022 Xilinx, Inc. All Rights Reserved. Copyright 2022-2023 Advanced Micro Devices, Inc. All Rights Reserved.
------------------------------------------------------------------------------------------------------------------------------------------------------------------------------------------------------------
| Tool Version : Vivado v.2023.2 (win64) Build 4029153 Fri Oct 13 20:14:34 MDT 2023
| Date         : Thu Feb 27 16:15:06 2025
| Host         : GRINDEN-2310 running 64-bit major release  (build 9200)
| Command      : report_timing_summary -max_paths 10 -report_unconstrained -file timer_timing_summary_routed.rpt -pb timer_timing_summary_routed.pb -rpx timer_timing_summary_routed.rpx -warn_on_violation
| Design       : timer
| Device       : 7a35t-cpg236
| Speed File   : -1  PRODUCTION 1.23 2018-06-13
| Design State : Routed
------------------------------------------------------------------------------------------------------------------------------------------------------------------------------------------------------------

Timing Summary Report

------------------------------------------------------------------------------------------------
| Timer Settings
| --------------
------------------------------------------------------------------------------------------------

  Enable Multi Corner Analysis               :  Yes
  Enable Pessimism Removal                   :  Yes
  Pessimism Removal Resolution               :  Nearest Common Node
  Enable Input Delay Default Clock           :  No
  Enable Preset / Clear Arcs                 :  No
  Disable Flight Delays                      :  No
  Ignore I/O Paths                           :  No
  Timing Early Launch at Borrowing Latches   :  No
  Borrow Time for Max Delay Exceptions       :  Yes
  Merge Timing Exceptions                    :  Yes
  Inter-SLR Compensation                     :  Conservative

  Corner  Analyze    Analyze    
  Name    Max Paths  Min Paths  
  ------  ---------  ---------  
  Slow    Yes        Yes        
  Fast    Yes        Yes        


------------------------------------------------------------------------------------------------
| Report Methodology
| ------------------
------------------------------------------------------------------------------------------------

Rule       Severity          Description                     Violations  
---------  ----------------  ------------------------------  ----------  
TIMING-17  Critical Warning  Non-clocked sequential cell     8           
LUTAR-1    Warning           LUT drives async reset alert    2           
TIMING-20  Warning           Non-clocked latch               1           
LATCH-1    Advisory          Existing latches in the design  1           

Note: This report is based on the most recent report_methodology run and may not be up-to-date. Run report_methodology on the current design for the latest report.



check_timing report

Table of Contents
-----------------
1. checking no_clock (10)
2. checking constant_clock (0)
3. checking pulse_width_clock (0)
4. checking unconstrained_internal_endpoints (20)
5. checking no_input_delay (2)
6. checking no_output_delay (8)
7. checking multiple_clock (0)
8. checking generated_clocks (0)
9. checking loops (0)
10. checking partial_input_delay (0)
11. checking partial_output_delay (0)
12. checking latch_loops (0)

1. checking no_clock (10)
-------------------------
 There are 8 register/latch pins with no clock driven by root clock pin: clk (HIGH)

 There is 1 register/latch pin with no clock driven by root clock pin: reset (HIGH)

 There is 1 register/latch pin with no clock driven by root clock pin: start_sync0_reg/Q (HIGH)


2. checking constant_clock (0)
------------------------------
 There are 0 register/latch pins with constant_clock.


3. checking pulse_width_clock (0)
---------------------------------
 There are 0 register/latch pins which need pulse_width check


4. checking unconstrained_internal_endpoints (20)
-------------------------------------------------
 There are 20 pins that are not constrained for maximum delay. (HIGH)

 There are 0 pins that are not constrained for maximum delay due to constant clock.


5. checking no_input_delay (2)
------------------------------
 There are 2 input ports with no input delay specified. (HIGH)

 There are 0 input ports with no input delay but user has a false path constraint.


6. checking no_output_delay (8)
-------------------------------
 There are 8 ports with no output delay specified. (HIGH)

 There are 0 ports with no output delay but user has a false path constraint

 There are 0 ports with no output delay but with a timing clock defined on it or propagating through it


7. checking multiple_clock (0)
------------------------------
 There are 0 register/latch pins with multiple clocks.


8. checking generated_clocks (0)
--------------------------------
 There are 0 generated clocks that are not connected to a clock source.


9. checking loops (0)
---------------------
 There are 0 combinational loops in the design.


10. checking partial_input_delay (0)
------------------------------------
 There are 0 input ports with partial input delay specified.


11. checking partial_output_delay (0)
-------------------------------------
 There are 0 ports with partial output delay specified.


12. checking latch_loops (0)
----------------------------
 There are 0 combinational latch loops in the design through latch input



------------------------------------------------------------------------------------------------
| Design Timing Summary
| ---------------------
------------------------------------------------------------------------------------------------

    WNS(ns)      TNS(ns)  TNS Failing Endpoints  TNS Total Endpoints      WHS(ns)      THS(ns)  THS Failing Endpoints  THS Total Endpoints     WPWS(ns)     TPWS(ns)  TPWS Failing Endpoints  TPWS Total Endpoints  
    -------      -------  ---------------------  -------------------      -------      -------  ---------------------  -------------------     --------     --------  ----------------------  --------------------  
        inf        0.000                      0                   28          inf        0.000                      0                   28           NA           NA                      NA                    NA  


There are no user specified timing constraints.


------------------------------------------------------------------------------------------------
| Clock Summary
| -------------
------------------------------------------------------------------------------------------------


------------------------------------------------------------------------------------------------
| Intra Clock Table
| -----------------
------------------------------------------------------------------------------------------------

Clock             WNS(ns)      TNS(ns)  TNS Failing Endpoints  TNS Total Endpoints      WHS(ns)      THS(ns)  THS Failing Endpoints  THS Total Endpoints     WPWS(ns)     TPWS(ns)  TPWS Failing Endpoints  TPWS Total Endpoints  
-----             -------      -------  ---------------------  -------------------      -------      -------  ---------------------  -------------------     --------     --------  ----------------------  --------------------  


------------------------------------------------------------------------------------------------
| Inter Clock Table
| -----------------
------------------------------------------------------------------------------------------------

From Clock    To Clock          WNS(ns)      TNS(ns)  TNS Failing Endpoints  TNS Total Endpoints      WHS(ns)      THS(ns)  THS Failing Endpoints  THS Total Endpoints  
----------    --------          -------      -------  ---------------------  -------------------      -------      -------  ---------------------  -------------------  


------------------------------------------------------------------------------------------------
| Other Path Groups Table
| -----------------------
------------------------------------------------------------------------------------------------

Path Group    From Clock    To Clock          WNS(ns)      TNS(ns)  TNS Failing Endpoints  TNS Total Endpoints      WHS(ns)      THS(ns)  THS Failing Endpoints  THS Total Endpoints  
----------    ----------    --------          -------      -------  ---------------------  -------------------      -------      -------  ---------------------  -------------------  


------------------------------------------------------------------------------------------------
| User Ignored Path Table
| -----------------------
------------------------------------------------------------------------------------------------

Path Group    From Clock    To Clock    
----------    ----------    --------    


------------------------------------------------------------------------------------------------
| Unconstrained Path Table
| ------------------------
------------------------------------------------------------------------------------------------

Path Group    From Clock    To Clock    
----------    ----------    --------    
(none)                                    


------------------------------------------------------------------------------------------------
| Timing Details
| --------------
------------------------------------------------------------------------------------------------


--------------------------------------------------------------------------------------
Path Group:  (none)
From Clock:  
  To Clock:  

Max Delay            28 Endpoints
Min Delay            28 Endpoints
--------------------------------------------------------------------------------------


Max Delay Paths
--------------------------------------------------------------------------------------
Slack:                    inf
  Source:                 count_reg[1]/C
                            (rising edge-triggered cell FDCE)
  Destination:            alarm
                            (output port)
  Path Group:             (none)
  Path Type:              Max at Slow Process Corner
  Data Path Delay:        9.372ns  (logic 4.377ns (46.700%)  route 4.995ns (53.300%))
  Logic Levels:           3  (FDCE=1 LUT4=1 OBUF=1)

    Location             Delay type                Incr(ns)  Path(ns)    Netlist Resource(s)
  -------------------------------------------------------------------    -------------------
    SLICE_X64Y21         FDCE                         0.000     0.000 r  count_reg[1]/C
    SLICE_X64Y21         FDCE (Prop_fdce_C_Q)         0.518     0.518 f  count_reg[1]/Q
                         net (fo=13, routed)          0.903     1.421    count_reg[1]
    SLICE_X65Y21         LUT4 (Prop_lut4_I2_O)        0.152     1.573 r  alarm_OBUF_inst_i_1/O
                         net (fo=1, routed)           4.092     5.665    alarm_OBUF
    U16                  OBUF (Prop_obuf_I_O)         3.707     9.372 r  alarm_OBUF_inst/O
                         net (fo=0)                   0.000     9.372    alarm
    U16                                                               r  alarm (OUT)
  -------------------------------------------------------------------    -------------------

Slack:                    inf
  Source:                 reset
                            (input port)
  Destination:            start_sync_reg_C/CLR
  Path Group:             (none)
  Path Type:              Max at Slow Process Corner
  Data Path Delay:        8.656ns  (logic 1.577ns (18.222%)  route 7.078ns (81.778%))
  Logic Levels:           2  (IBUF=1 LUT2=1)

    Location             Delay type                Incr(ns)  Path(ns)    Netlist Resource(s)
  -------------------------------------------------------------------    -------------------
    A17                                               0.000     0.000 f  reset (IN)
                         net (fo=0)                   0.000     0.000    reset
    A17                  IBUF (Prop_ibuf_I_O)         1.453     1.453 f  reset_IBUF_inst/O
                         net (fo=8, routed)           6.403     7.856    reset_IBUF
    SLICE_X64Y22         LUT2 (Prop_lut2_I0_O)        0.124     7.980 f  start_sync_reg_LDC_i_2/O
                         net (fo=2, routed)           0.675     8.656    start_sync_reg_LDC_i_2_n_0
    SLICE_X64Y22         FDCE                                         f  start_sync_reg_C/CLR
  -------------------------------------------------------------------    -------------------

Slack:                    inf
  Source:                 reset
                            (input port)
  Destination:            start_sync_reg_LDC/CLR
  Path Group:             (none)
  Path Type:              Max at Slow Process Corner
  Data Path Delay:        8.656ns  (logic 1.577ns (18.222%)  route 7.078ns (81.778%))
  Logic Levels:           2  (IBUF=1 LUT2=1)

    Location             Delay type                Incr(ns)  Path(ns)    Netlist Resource(s)
  -------------------------------------------------------------------    -------------------
    A17                                               0.000     0.000 f  reset (IN)
                         net (fo=0)                   0.000     0.000    reset
    A17                  IBUF (Prop_ibuf_I_O)         1.453     1.453 f  reset_IBUF_inst/O
                         net (fo=8, routed)           6.403     7.856    reset_IBUF
    SLICE_X64Y22         LUT2 (Prop_lut2_I0_O)        0.124     7.980 f  start_sync_reg_LDC_i_2/O
                         net (fo=2, routed)           0.675     8.656    start_sync_reg_LDC_i_2_n_0
    SLICE_X65Y22         LDCE                                         f  start_sync_reg_LDC/CLR
  -------------------------------------------------------------------    -------------------

Slack:                    inf
  Source:                 reset
                            (input port)
  Destination:            start_sync_reg_P/PRE
  Path Group:             (none)
  Path Type:              Max at Slow Process Corner
  Data Path Delay:        8.064ns  (logic 1.577ns (19.558%)  route 6.487ns (80.442%))
  Logic Levels:           2  (IBUF=1 LUT2=1)

    Location             Delay type                Incr(ns)  Path(ns)    Netlist Resource(s)
  -------------------------------------------------------------------    -------------------
    A17                                               0.000     0.000 f  reset (IN)
                         net (fo=0)                   0.000     0.000    reset
    A17                  IBUF (Prop_ibuf_I_O)         1.453     1.453 f  reset_IBUF_inst/O
                         net (fo=8, routed)           5.868     7.321    reset_IBUF
    SLICE_X64Y22         LUT2 (Prop_lut2_I1_O)        0.124     7.445 f  start_sync_reg_LDC_i_1/O
                         net (fo=2, routed)           0.619     8.064    start_sync_reg_LDC_i_1_n_0
    SLICE_X65Y21         FDPE                                         f  start_sync_reg_P/PRE
  -------------------------------------------------------------------    -------------------

Slack:                    inf
  Source:                 reset
                            (input port)
  Destination:            count_reg[0]/CLR
  Path Group:             (none)
  Path Type:              Max at Slow Process Corner
  Data Path Delay:        7.392ns  (logic 1.453ns (19.660%)  route 5.939ns (80.340%))
  Logic Levels:           1  (IBUF=1)

    Location             Delay type                Incr(ns)  Path(ns)    Netlist Resource(s)
  -------------------------------------------------------------------    -------------------
    A17                                               0.000     0.000 f  reset (IN)
                         net (fo=0)                   0.000     0.000    reset
    A17                  IBUF (Prop_ibuf_I_O)         1.453     1.453 f  reset_IBUF_inst/O
                         net (fo=8, routed)           5.939     7.392    reset_IBUF
    SLICE_X64Y21         FDCE                                         f  count_reg[0]/CLR
  -------------------------------------------------------------------    -------------------

Slack:                    inf
  Source:                 reset
                            (input port)
  Destination:            count_reg[1]/CLR
  Path Group:             (none)
  Path Type:              Max at Slow Process Corner
  Data Path Delay:        7.392ns  (logic 1.453ns (19.660%)  route 5.939ns (80.340%))
  Logic Levels:           1  (IBUF=1)

    Location             Delay type                Incr(ns)  Path(ns)    Netlist Resource(s)
  -------------------------------------------------------------------    -------------------
    A17                                               0.000     0.000 f  reset (IN)
                         net (fo=0)                   0.000     0.000    reset
    A17                  IBUF (Prop_ibuf_I_O)         1.453     1.453 f  reset_IBUF_inst/O
                         net (fo=8, routed)           5.939     7.392    reset_IBUF
    SLICE_X64Y21         FDCE                                         f  count_reg[1]/CLR
  -------------------------------------------------------------------    -------------------

Slack:                    inf
  Source:                 reset
                            (input port)
  Destination:            count_reg[2]/CLR
  Path Group:             (none)
  Path Type:              Max at Slow Process Corner
  Data Path Delay:        7.392ns  (logic 1.453ns (19.660%)  route 5.939ns (80.340%))
  Logic Levels:           1  (IBUF=1)

    Location             Delay type                Incr(ns)  Path(ns)    Netlist Resource(s)
  -------------------------------------------------------------------    -------------------
    A17                                               0.000     0.000 f  reset (IN)
                         net (fo=0)                   0.000     0.000    reset
    A17                  IBUF (Prop_ibuf_I_O)         1.453     1.453 f  reset_IBUF_inst/O
                         net (fo=8, routed)           5.939     7.392    reset_IBUF
    SLICE_X64Y21         FDCE                                         f  count_reg[2]/CLR
  -------------------------------------------------------------------    -------------------

Slack:                    inf
  Source:                 reset
                            (input port)
  Destination:            count_reg[3]/CLR
  Path Group:             (none)
  Path Type:              Max at Slow Process Corner
  Data Path Delay:        7.239ns  (logic 1.453ns (20.075%)  route 5.786ns (79.925%))
  Logic Levels:           1  (IBUF=1)

    Location             Delay type                Incr(ns)  Path(ns)    Netlist Resource(s)
  -------------------------------------------------------------------    -------------------
    A17                                               0.000     0.000 f  reset (IN)
                         net (fo=0)                   0.000     0.000    reset
    A17                  IBUF (Prop_ibuf_I_O)         1.453     1.453 f  reset_IBUF_inst/O
                         net (fo=8, routed)           5.786     7.239    reset_IBUF
    SLICE_X64Y20         FDCE                                         f  count_reg[3]/CLR
  -------------------------------------------------------------------    -------------------

Slack:                    inf
  Source:                 reset
                            (input port)
  Destination:            should_count_reg/CLR
  Path Group:             (none)
  Path Type:              Max at Slow Process Corner
  Data Path Delay:        7.239ns  (logic 1.453ns (20.075%)  route 5.786ns (79.925%))
  Logic Levels:           1  (IBUF=1)

    Location             Delay type                Incr(ns)  Path(ns)    Netlist Resource(s)
  -------------------------------------------------------------------    -------------------
    A17                                               0.000     0.000 f  reset (IN)
                         net (fo=0)                   0.000     0.000    reset
    A17                  IBUF (Prop_ibuf_I_O)         1.453     1.453 f  reset_IBUF_inst/O
                         net (fo=8, routed)           5.786     7.239    reset_IBUF
    SLICE_X64Y20         FDCE                                         f  should_count_reg/CLR
  -------------------------------------------------------------------    -------------------

Slack:                    inf
  Source:                 count_reg[0]/C
                            (rising edge-triggered cell FDCE)
  Destination:            seg[6]
                            (output port)
  Path Group:             (none)
  Path Type:              Max at Slow Process Corner
  Data Path Delay:        7.171ns  (logic 4.399ns (61.354%)  route 2.771ns (38.646%))
  Logic Levels:           3  (FDCE=1 LUT4=1 OBUF=1)

    Location             Delay type                Incr(ns)  Path(ns)    Netlist Resource(s)
  -------------------------------------------------------------------    -------------------
    SLICE_X64Y21         FDCE                         0.000     0.000 r  count_reg[0]/C
    SLICE_X64Y21         FDCE (Prop_fdce_C_Q)         0.518     0.518 r  count_reg[0]/Q
                         net (fo=14, routed)          0.706     1.224    count_reg[0]
    SLICE_X64Y21         LUT4 (Prop_lut4_I1_O)        0.146     1.370 r  seg_OBUF[6]_inst_i_1/O
                         net (fo=1, routed)           2.065     3.435    seg_OBUF[6]
    U7                   OBUF (Prop_obuf_I_O)         3.735     7.171 r  seg_OBUF[6]_inst/O
                         net (fo=0)                   0.000     7.171    seg[6]
    U7                                                                r  seg[6] (OUT)
  -------------------------------------------------------------------    -------------------





Min Delay Paths
--------------------------------------------------------------------------------------
Slack:                    inf
  Source:                 start_sync_reg_P/C
                            (rising edge-triggered cell FDPE)
  Destination:            count_reg[0]/D
  Path Group:             (none)
  Path Type:              Min at Fast Process Corner
  Data Path Delay:        0.289ns  (logic 0.186ns (64.307%)  route 0.103ns (35.693%))
  Logic Levels:           2  (FDPE=1 LUT6=1)

    Location             Delay type                Incr(ns)  Path(ns)    Netlist Resource(s)
  -------------------------------------------------------------------    -------------------
    SLICE_X65Y21         FDPE                         0.000     0.000 r  start_sync_reg_P/C
    SLICE_X65Y21         FDPE (Prop_fdpe_C_Q)         0.141     0.141 r  start_sync_reg_P/Q
                         net (fo=2, routed)           0.103     0.244    start_sync_reg_P_n_0
    SLICE_X64Y21         LUT6 (Prop_lut6_I5_O)        0.045     0.289 r  count[0]_i_1/O
                         net (fo=1, routed)           0.000     0.289    count[0]_i_1_n_0
    SLICE_X64Y21         FDCE                                         r  count_reg[0]/D
  -------------------------------------------------------------------    -------------------

Slack:                    inf
  Source:                 count_reg[1]/C
                            (rising edge-triggered cell FDCE)
  Destination:            count_reg[1]/D
  Path Group:             (none)
  Path Type:              Min at Fast Process Corner
  Data Path Delay:        0.381ns  (logic 0.209ns (54.792%)  route 0.172ns (45.208%))
  Logic Levels:           2  (FDCE=1 LUT3=1)

    Location             Delay type                Incr(ns)  Path(ns)    Netlist Resource(s)
  -------------------------------------------------------------------    -------------------
    SLICE_X64Y21         FDCE                         0.000     0.000 r  count_reg[1]/C
    SLICE_X64Y21         FDCE (Prop_fdce_C_Q)         0.164     0.164 r  count_reg[1]/Q
                         net (fo=13, routed)          0.172     0.336    count_reg[1]
    SLICE_X64Y21         LUT3 (Prop_lut3_I0_O)        0.045     0.381 r  count[1]_i_1/O
                         net (fo=1, routed)           0.000     0.381    count[1]_i_1_n_0
    SLICE_X64Y21         FDCE                                         r  count_reg[1]/D
  -------------------------------------------------------------------    -------------------

Slack:                    inf
  Source:                 count_reg[3]/C
                            (rising edge-triggered cell FDCE)
  Destination:            count_reg[3]/D
  Path Group:             (none)
  Path Type:              Min at Fast Process Corner
  Data Path Delay:        0.404ns  (logic 0.207ns (51.181%)  route 0.197ns (48.819%))
  Logic Levels:           2  (FDCE=1 LUT5=1)

    Location             Delay type                Incr(ns)  Path(ns)    Netlist Resource(s)
  -------------------------------------------------------------------    -------------------
    SLICE_X64Y20         FDCE                         0.000     0.000 r  count_reg[3]/C
    SLICE_X64Y20         FDCE (Prop_fdce_C_Q)         0.164     0.164 r  count_reg[3]/Q
                         net (fo=11, routed)          0.197     0.361    count_reg[3]
    SLICE_X64Y20         LUT5 (Prop_lut5_I0_O)        0.043     0.404 r  count[3]_i_1/O
                         net (fo=1, routed)           0.000     0.404    count[3]_i_1_n_0
    SLICE_X64Y20         FDCE                                         r  count_reg[3]/D
  -------------------------------------------------------------------    -------------------

Slack:                    inf
  Source:                 count_reg[3]/C
                            (rising edge-triggered cell FDCE)
  Destination:            should_count_reg/D
  Path Group:             (none)
  Path Type:              Min at Fast Process Corner
  Data Path Delay:        0.406ns  (logic 0.209ns (51.421%)  route 0.197ns (48.579%))
  Logic Levels:           2  (FDCE=1 LUT6=1)

    Location             Delay type                Incr(ns)  Path(ns)    Netlist Resource(s)
  -------------------------------------------------------------------    -------------------
    SLICE_X64Y20         FDCE                         0.000     0.000 r  count_reg[3]/C
    SLICE_X64Y20         FDCE (Prop_fdce_C_Q)         0.164     0.164 r  count_reg[3]/Q
                         net (fo=11, routed)          0.197     0.361    count_reg[3]
    SLICE_X64Y20         LUT6 (Prop_lut6_I3_O)        0.045     0.406 r  should_count_i_1/O
                         net (fo=1, routed)           0.000     0.406    should_count_i_1_n_0
    SLICE_X64Y20         FDCE                                         r  should_count_reg/D
  -------------------------------------------------------------------    -------------------

Slack:                    inf
  Source:                 count_reg[2]/C
                            (rising edge-triggered cell FDCE)
  Destination:            count_reg[2]/D
  Path Group:             (none)
  Path Type:              Min at Fast Process Corner
  Data Path Delay:        0.419ns  (logic 0.209ns (49.923%)  route 0.210ns (50.077%))
  Logic Levels:           2  (FDCE=1 LUT4=1)

    Location             Delay type                Incr(ns)  Path(ns)    Netlist Resource(s)
  -------------------------------------------------------------------    -------------------
    SLICE_X64Y21         FDCE                         0.000     0.000 r  count_reg[2]/C
    SLICE_X64Y21         FDCE (Prop_fdce_C_Q)         0.164     0.164 r  count_reg[2]/Q
                         net (fo=12, routed)          0.210     0.374    count_reg[2]
    SLICE_X64Y21         LUT4 (Prop_lut4_I0_O)        0.045     0.419 r  count[2]_i_2/O
                         net (fo=1, routed)           0.000     0.419    count[2]_i_2_n_0
    SLICE_X64Y21         FDCE                                         r  count_reg[2]/D
  -------------------------------------------------------------------    -------------------

Slack:                    inf
  Source:                 count_reg[1]/C
                            (rising edge-triggered cell FDCE)
  Destination:            count_reg[0]/CE
  Path Group:             (none)
  Path Type:              Min at Fast Process Corner
  Data Path Delay:        0.496ns  (logic 0.209ns (42.177%)  route 0.287ns (57.823%))
  Logic Levels:           2  (FDCE=1 LUT5=1)

    Location             Delay type                Incr(ns)  Path(ns)    Netlist Resource(s)
  -------------------------------------------------------------------    -------------------
    SLICE_X64Y21         FDCE                         0.000     0.000 r  count_reg[1]/C
    SLICE_X64Y21         FDCE (Prop_fdce_C_Q)         0.164     0.164 r  count_reg[1]/Q
                         net (fo=13, routed)          0.170     0.334    count_reg[1]
    SLICE_X64Y21         LUT5 (Prop_lut5_I2_O)        0.045     0.379 r  count[2]_i_1/O
                         net (fo=3, routed)           0.116     0.496    count
    SLICE_X64Y21         FDCE                                         r  count_reg[0]/CE
  -------------------------------------------------------------------    -------------------

Slack:                    inf
  Source:                 count_reg[1]/C
                            (rising edge-triggered cell FDCE)
  Destination:            count_reg[1]/CE
  Path Group:             (none)
  Path Type:              Min at Fast Process Corner
  Data Path Delay:        0.496ns  (logic 0.209ns (42.177%)  route 0.287ns (57.823%))
  Logic Levels:           2  (FDCE=1 LUT5=1)

    Location             Delay type                Incr(ns)  Path(ns)    Netlist Resource(s)
  -------------------------------------------------------------------    -------------------
    SLICE_X64Y21         FDCE                         0.000     0.000 r  count_reg[1]/C
    SLICE_X64Y21         FDCE (Prop_fdce_C_Q)         0.164     0.164 r  count_reg[1]/Q
                         net (fo=13, routed)          0.170     0.334    count_reg[1]
    SLICE_X64Y21         LUT5 (Prop_lut5_I2_O)        0.045     0.379 r  count[2]_i_1/O
                         net (fo=3, routed)           0.116     0.496    count
    SLICE_X64Y21         FDCE                                         r  count_reg[1]/CE
  -------------------------------------------------------------------    -------------------

Slack:                    inf
  Source:                 count_reg[1]/C
                            (rising edge-triggered cell FDCE)
  Destination:            count_reg[2]/CE
  Path Group:             (none)
  Path Type:              Min at Fast Process Corner
  Data Path Delay:        0.496ns  (logic 0.209ns (42.177%)  route 0.287ns (57.823%))
  Logic Levels:           2  (FDCE=1 LUT5=1)

    Location             Delay type                Incr(ns)  Path(ns)    Netlist Resource(s)
  -------------------------------------------------------------------    -------------------
    SLICE_X64Y21         FDCE                         0.000     0.000 r  count_reg[1]/C
    SLICE_X64Y21         FDCE (Prop_fdce_C_Q)         0.164     0.164 r  count_reg[1]/Q
                         net (fo=13, routed)          0.170     0.334    count_reg[1]
    SLICE_X64Y21         LUT5 (Prop_lut5_I2_O)        0.045     0.379 r  count[2]_i_1/O
                         net (fo=3, routed)           0.116     0.496    count
    SLICE_X64Y21         FDCE                                         r  count_reg[2]/CE
  -------------------------------------------------------------------    -------------------

Slack:                    inf
  Source:                 start_sync0_reg/C
                            (rising edge-triggered cell FDCE)
  Destination:            start_sync_reg_P/D
  Path Group:             (none)
  Path Type:              Min at Fast Process Corner
  Data Path Delay:        0.745ns  (logic 0.164ns (22.022%)  route 0.581ns (77.978%))
  Logic Levels:           1  (FDCE=1)

    Location             Delay type                Incr(ns)  Path(ns)    Netlist Resource(s)
  -------------------------------------------------------------------    -------------------
    SLICE_X46Y25         FDCE                         0.000     0.000 r  start_sync0_reg/C
    SLICE_X46Y25         FDCE (Prop_fdce_C_Q)         0.164     0.164 r  start_sync0_reg/Q
                         net (fo=6, routed)           0.581     0.745    start_sync0
    SLICE_X65Y21         FDPE                                         r  start_sync_reg_P/D
  -------------------------------------------------------------------    -------------------

Slack:                    inf
  Source:                 start_sync0_reg/C
                            (rising edge-triggered cell FDCE)
  Destination:            start_sync_reg_C/D
  Path Group:             (none)
  Path Type:              Min at Fast Process Corner
  Data Path Delay:        0.818ns  (logic 0.164ns (20.058%)  route 0.654ns (79.942%))
  Logic Levels:           1  (FDCE=1)

    Location             Delay type                Incr(ns)  Path(ns)    Netlist Resource(s)
  -------------------------------------------------------------------    -------------------
    SLICE_X46Y25         FDCE                         0.000     0.000 r  start_sync0_reg/C
    SLICE_X46Y25         FDCE (Prop_fdce_C_Q)         0.164     0.164 r  start_sync0_reg/Q
                         net (fo=6, routed)           0.654     0.818    start_sync0
    SLICE_X64Y22         FDCE                                         r  start_sync_reg_C/D
  -------------------------------------------------------------------    -------------------





