Copyright 1986-2022 Xilinx, Inc. All Rights Reserved. Copyright 2022-2023 Advanced Micro Devices, Inc. All Rights Reserved.
------------------------------------------------------------------------------------------------------------------------------------------------------------------------------------------------------------------
| Tool Version : Vivado v.2023.2 (win64) Build 4029153 Fri Oct 13 20:14:34 MDT 2023
| Date         : Thu Feb 20 13:28:12 2025
| Host         : GRINDEN-2308 running 64-bit major release  (build 9200)
| Command      : report_timing_summary -max_paths 10 -report_unconstrained -file counter_timing_summary_routed.rpt -pb counter_timing_summary_routed.pb -rpx counter_timing_summary_routed.rpx -warn_on_violation
| Design       : counter
| Device       : 7a35t-cpg236
| Speed File   : -1  PRODUCTION 1.23 2018-06-13
| Design State : Routed
------------------------------------------------------------------------------------------------------------------------------------------------------------------------------------------------------------------

Timing Summary Report

------------------------------------------------------------------------------------------------
| Timer Settings
| --------------
------------------------------------------------------------------------------------------------

  Enable Multi Corner Analysis               :  Yes
  Enable Pessimism Removal                   :  Yes
  Pessimism Removal Resolution               :  Nearest Common Node
  Enable Input Delay Default Clock           :  No
  Enable Preset / Clear Arcs                 :  No
  Disable Flight Delays                      :  No
  Ignore I/O Paths                           :  No
  Timing Early Launch at Borrowing Latches   :  No
  Borrow Time for Max Delay Exceptions       :  Yes
  Merge Timing Exceptions                    :  Yes
  Inter-SLR Compensation                     :  Conservative

  Corner  Analyze    Analyze    
  Name    Max Paths  Min Paths  
  ------  ---------  ---------  
  Slow    Yes        Yes        
  Fast    Yes        Yes        


------------------------------------------------------------------------------------------------
| Report Methodology
| ------------------
------------------------------------------------------------------------------------------------

Rule       Severity          Description                  Violations  
---------  ----------------  ---------------------------  ----------  
TIMING-17  Critical Warning  Non-clocked sequential cell  7           

Note: This report is based on the most recent report_methodology run and may not be up-to-date. Run report_methodology on the current design for the latest report.



check_timing report

Table of Contents
-----------------
1. checking no_clock (7)
2. checking constant_clock (0)
3. checking pulse_width_clock (0)
4. checking unconstrained_internal_endpoints (7)
5. checking no_input_delay (2)
6. checking no_output_delay (8)
7. checking multiple_clock (0)
8. checking generated_clocks (0)
9. checking loops (0)
10. checking partial_input_delay (0)
11. checking partial_output_delay (0)
12. checking latch_loops (0)

1. checking no_clock (7)
------------------------
 There are 7 register/latch pins with no clock driven by root clock pin: clk (HIGH)


2. checking constant_clock (0)
------------------------------
 There are 0 register/latch pins with constant_clock.


3. checking pulse_width_clock (0)
---------------------------------
 There are 0 register/latch pins which need pulse_width check


4. checking unconstrained_internal_endpoints (7)
------------------------------------------------
 There are 7 pins that are not constrained for maximum delay. (HIGH)

 There are 0 pins that are not constrained for maximum delay due to constant clock.


5. checking no_input_delay (2)
------------------------------
 There are 2 input ports with no input delay specified. (HIGH)

 There are 0 input ports with no input delay but user has a false path constraint.


6. checking no_output_delay (8)
-------------------------------
 There are 8 ports with no output delay specified. (HIGH)

 There are 0 ports with no output delay but user has a false path constraint

 There are 0 ports with no output delay but with a timing clock defined on it or propagating through it


7. checking multiple_clock (0)
------------------------------
 There are 0 register/latch pins with multiple clocks.


8. checking generated_clocks (0)
--------------------------------
 There are 0 generated clocks that are not connected to a clock source.


9. checking loops (0)
---------------------
 There are 0 combinational loops in the design.


10. checking partial_input_delay (0)
------------------------------------
 There are 0 input ports with partial input delay specified.


11. checking partial_output_delay (0)
-------------------------------------
 There are 0 ports with partial output delay specified.


12. checking latch_loops (0)
----------------------------
 There are 0 combinational latch loops in the design through latch input



------------------------------------------------------------------------------------------------
| Design Timing Summary
| ---------------------
------------------------------------------------------------------------------------------------

    WNS(ns)      TNS(ns)  TNS Failing Endpoints  TNS Total Endpoints      WHS(ns)      THS(ns)  THS Failing Endpoints  THS Total Endpoints     WPWS(ns)     TPWS(ns)  TPWS Failing Endpoints  TPWS Total Endpoints  
    -------      -------  ---------------------  -------------------      -------      -------  ---------------------  -------------------     --------     --------  ----------------------  --------------------  
        inf        0.000                      0                   15          inf        0.000                      0                   15           NA           NA                      NA                    NA  


There are no user specified timing constraints.


------------------------------------------------------------------------------------------------
| Clock Summary
| -------------
------------------------------------------------------------------------------------------------


------------------------------------------------------------------------------------------------
| Intra Clock Table
| -----------------
------------------------------------------------------------------------------------------------

Clock             WNS(ns)      TNS(ns)  TNS Failing Endpoints  TNS Total Endpoints      WHS(ns)      THS(ns)  THS Failing Endpoints  THS Total Endpoints     WPWS(ns)     TPWS(ns)  TPWS Failing Endpoints  TPWS Total Endpoints  
-----             -------      -------  ---------------------  -------------------      -------      -------  ---------------------  -------------------     --------     --------  ----------------------  --------------------  


------------------------------------------------------------------------------------------------
| Inter Clock Table
| -----------------
------------------------------------------------------------------------------------------------

From Clock    To Clock          WNS(ns)      TNS(ns)  TNS Failing Endpoints  TNS Total Endpoints      WHS(ns)      THS(ns)  THS Failing Endpoints  THS Total Endpoints  
----------    --------          -------      -------  ---------------------  -------------------      -------      -------  ---------------------  -------------------  


------------------------------------------------------------------------------------------------
| Other Path Groups Table
| -----------------------
------------------------------------------------------------------------------------------------

Path Group    From Clock    To Clock          WNS(ns)      TNS(ns)  TNS Failing Endpoints  TNS Total Endpoints      WHS(ns)      THS(ns)  THS Failing Endpoints  THS Total Endpoints  
----------    ----------    --------          -------      -------  ---------------------  -------------------      -------      -------  ---------------------  -------------------  


------------------------------------------------------------------------------------------------
| User Ignored Path Table
| -----------------------
------------------------------------------------------------------------------------------------

Path Group    From Clock    To Clock    
----------    ----------    --------    


------------------------------------------------------------------------------------------------
| Unconstrained Path Table
| ------------------------
------------------------------------------------------------------------------------------------

Path Group    From Clock    To Clock    
----------    ----------    --------    
(none)                                    


------------------------------------------------------------------------------------------------
| Timing Details
| --------------
------------------------------------------------------------------------------------------------


--------------------------------------------------------------------------------------
Path Group:  (none)
From Clock:  
  To Clock:  

Max Delay            15 Endpoints
Min Delay            15 Endpoints
--------------------------------------------------------------------------------------


Max Delay Paths
--------------------------------------------------------------------------------------
Slack:                    inf
  Source:                 count_reg[3]/C
                            (rising edge-triggered cell FDRE)
  Destination:            seg[3]
                            (output port)
  Path Group:             (none)
  Path Type:              Max at Slow Process Corner
  Data Path Delay:        6.173ns  (logic 3.414ns (55.304%)  route 2.759ns (44.696%))
  Logic Levels:           3  (FDRE=1 LUT4=1 OBUF=1)

    Location             Delay type                Incr(ns)  Path(ns)    Netlist Resource(s)
  -------------------------------------------------------------------    -------------------
    SLICE_X1Y4           FDRE                         0.000     0.000 r  count_reg[3]/C
    SLICE_X1Y4           FDRE (Prop_fdre_C_Q)         0.456     0.456 r  count_reg[3]/Q
                         net (fo=12, routed)          0.939     1.395    count_reg_n_0_[3]
    SLICE_X0Y4           LUT4 (Prop_lut4_I0_O)        0.152     1.547 r  seg_OBUF[3]_inst_i_1/O
                         net (fo=1, routed)           1.820     3.367    seg_OBUF[3]
    U16                  OBUF (Prop_obuf_I_O)         2.806     6.173 r  seg_OBUF[3]_inst/O
                         net (fo=0)                   0.000     6.173    seg[3]
    U16                                                               r  seg[3] (OUT)
  -------------------------------------------------------------------    -------------------

Slack:                    inf
  Source:                 count_reg[3]/C
                            (rising edge-triggered cell FDRE)
  Destination:            seg[0]
                            (output port)
  Path Group:             (none)
  Path Type:              Max at Slow Process Corner
  Data Path Delay:        6.064ns  (logic 3.409ns (56.220%)  route 2.655ns (43.780%))
  Logic Levels:           3  (FDRE=1 LUT4=1 OBUF=1)

    Location             Delay type                Incr(ns)  Path(ns)    Netlist Resource(s)
  -------------------------------------------------------------------    -------------------
    SLICE_X1Y4           FDRE                         0.000     0.000 r  count_reg[3]/C
    SLICE_X1Y4           FDRE (Prop_fdre_C_Q)         0.456     0.456 r  count_reg[3]/Q
                         net (fo=12, routed)          0.936     1.392    count_reg_n_0_[3]
    SLICE_X0Y4           LUT4 (Prop_lut4_I0_O)        0.152     1.544 r  seg_OBUF[0]_inst_i_1/O
                         net (fo=1, routed)           1.718     3.263    seg_OBUF[0]
    U14                  OBUF (Prop_obuf_I_O)         2.801     6.064 r  seg_OBUF[0]_inst/O
                         net (fo=0)                   0.000     6.064    seg[0]
    U14                                                               r  seg[0] (OUT)
  -------------------------------------------------------------------    -------------------

Slack:                    inf
  Source:                 count_reg[2]/C
                            (rising edge-triggered cell FDRE)
  Destination:            seg[5]
                            (output port)
  Path Group:             (none)
  Path Type:              Max at Slow Process Corner
  Data Path Delay:        6.026ns  (logic 3.411ns (56.596%)  route 2.616ns (43.404%))
  Logic Levels:           3  (FDRE=1 LUT4=1 OBUF=1)

    Location             Delay type                Incr(ns)  Path(ns)    Netlist Resource(s)
  -------------------------------------------------------------------    -------------------
    SLICE_X1Y4           FDRE                         0.000     0.000 r  count_reg[2]/C
    SLICE_X1Y4           FDRE (Prop_fdre_C_Q)         0.456     0.456 r  count_reg[2]/Q
                         net (fo=12, routed)          0.944     1.400    count_reg_n_0_[2]
    SLICE_X0Y4           LUT4 (Prop_lut4_I1_O)        0.154     1.554 r  seg_OBUF[5]_inst_i_1/O
                         net (fo=1, routed)           1.672     3.226    seg_OBUF[5]
    W14                  OBUF (Prop_obuf_I_O)         2.801     6.026 r  seg_OBUF[5]_inst/O
                         net (fo=0)                   0.000     6.026    seg[5]
    W14                                                               r  seg[5] (OUT)
  -------------------------------------------------------------------    -------------------

Slack:                    inf
  Source:                 count_reg[2]/C
                            (rising edge-triggered cell FDRE)
  Destination:            seg[6]
                            (output port)
  Path Group:             (none)
  Path Type:              Max at Slow Process Corner
  Data Path Delay:        5.940ns  (logic 3.187ns (53.645%)  route 2.754ns (46.355%))
  Logic Levels:           3  (FDRE=1 LUT4=1 OBUF=1)

    Location             Delay type                Incr(ns)  Path(ns)    Netlist Resource(s)
  -------------------------------------------------------------------    -------------------
    SLICE_X1Y4           FDRE                         0.000     0.000 r  count_reg[2]/C
    SLICE_X1Y4           FDRE (Prop_fdre_C_Q)         0.456     0.456 r  count_reg[2]/Q
                         net (fo=12, routed)          0.938     1.394    count_reg_n_0_[2]
    SLICE_X0Y4           LUT4 (Prop_lut4_I2_O)        0.124     1.518 r  seg_OBUF[6]_inst_i_1/O
                         net (fo=1, routed)           1.815     3.334    seg_OBUF[6]
    W13                  OBUF (Prop_obuf_I_O)         2.607     5.940 r  seg_OBUF[6]_inst/O
                         net (fo=0)                   0.000     5.940    seg[6]
    W13                                                               r  seg[6] (OUT)
  -------------------------------------------------------------------    -------------------

Slack:                    inf
  Source:                 count_reg[3]/C
                            (rising edge-triggered cell FDRE)
  Destination:            seg[1]
                            (output port)
  Path Group:             (none)
  Path Type:              Max at Slow Process Corner
  Data Path Delay:        5.835ns  (logic 3.174ns (54.394%)  route 2.661ns (45.606%))
  Logic Levels:           3  (FDRE=1 LUT4=1 OBUF=1)

    Location             Delay type                Incr(ns)  Path(ns)    Netlist Resource(s)
  -------------------------------------------------------------------    -------------------
    SLICE_X1Y4           FDRE                         0.000     0.000 r  count_reg[3]/C
    SLICE_X1Y4           FDRE (Prop_fdre_C_Q)         0.456     0.456 r  count_reg[3]/Q
                         net (fo=12, routed)          0.936     1.392    count_reg_n_0_[3]
    SLICE_X0Y4           LUT4 (Prop_lut4_I0_O)        0.124     1.516 r  seg_OBUF[1]_inst_i_1/O
                         net (fo=1, routed)           1.725     3.241    seg_OBUF[1]
    V14                  OBUF (Prop_obuf_I_O)         2.594     5.835 r  seg_OBUF[1]_inst/O
                         net (fo=0)                   0.000     5.835    seg[1]
    V14                                                               r  seg[1] (OUT)
  -------------------------------------------------------------------    -------------------

Slack:                    inf
  Source:                 count_reg[2]/C
                            (rising edge-triggered cell FDRE)
  Destination:            seg[4]
                            (output port)
  Path Group:             (none)
  Path Type:              Max at Slow Process Corner
  Data Path Delay:        5.799ns  (logic 3.187ns (54.969%)  route 2.611ns (45.031%))
  Logic Levels:           3  (FDRE=1 LUT4=1 OBUF=1)

    Location             Delay type                Incr(ns)  Path(ns)    Netlist Resource(s)
  -------------------------------------------------------------------    -------------------
    SLICE_X1Y4           FDRE                         0.000     0.000 r  count_reg[2]/C
    SLICE_X1Y4           FDRE (Prop_fdre_C_Q)         0.456     0.456 r  count_reg[2]/Q
                         net (fo=12, routed)          0.944     1.400    count_reg_n_0_[2]
    SLICE_X0Y4           LUT4 (Prop_lut4_I2_O)        0.124     1.524 r  seg_OBUF[4]_inst_i_1/O
                         net (fo=1, routed)           1.668     3.191    seg_OBUF[4]
    U15                  OBUF (Prop_obuf_I_O)         2.607     5.799 r  seg_OBUF[4]_inst/O
                         net (fo=0)                   0.000     5.799    seg[4]
    U15                                                               r  seg[4] (OUT)
  -------------------------------------------------------------------    -------------------

Slack:                    inf
  Source:                 count_reg[3]/C
                            (rising edge-triggered cell FDRE)
  Destination:            seg[2]
                            (output port)
  Path Group:             (none)
  Path Type:              Max at Slow Process Corner
  Data Path Delay:        5.788ns  (logic 3.177ns (54.895%)  route 2.611ns (45.105%))
  Logic Levels:           3  (FDRE=1 LUT4=1 OBUF=1)

    Location             Delay type                Incr(ns)  Path(ns)    Netlist Resource(s)
  -------------------------------------------------------------------    -------------------
    SLICE_X1Y4           FDRE                         0.000     0.000 r  count_reg[3]/C
    SLICE_X1Y4           FDRE (Prop_fdre_C_Q)         0.456     0.456 r  count_reg[3]/Q
                         net (fo=12, routed)          0.939     1.395    count_reg_n_0_[3]
    SLICE_X0Y4           LUT4 (Prop_lut4_I0_O)        0.124     1.519 r  seg_OBUF[2]_inst_i_1/O
                         net (fo=1, routed)           1.671     3.191    seg_OBUF[2]
    V13                  OBUF (Prop_obuf_I_O)         2.597     5.788 r  seg_OBUF[2]_inst/O
                         net (fo=0)                   0.000     5.788    seg[2]
    V13                                                               r  seg[2] (OUT)
  -------------------------------------------------------------------    -------------------

Slack:                    inf
  Source:                 lamp_int_reg/C
                            (rising edge-triggered cell FDRE)
  Destination:            lamp
                            (output port)
  Path Group:             (none)
  Path Type:              Max at Slow Process Corner
  Data Path Delay:        5.095ns  (logic 3.065ns (60.164%)  route 2.030ns (39.836%))
  Logic Levels:           2  (FDRE=1 OBUF=1)

    Location             Delay type                Incr(ns)  Path(ns)    Netlist Resource(s)
  -------------------------------------------------------------------    -------------------
    SLICE_X0Y5           FDRE                         0.000     0.000 r  lamp_int_reg/C
    SLICE_X0Y5           FDRE (Prop_fdre_C_Q)         0.456     0.456 r  lamp_int_reg/Q
                         net (fo=3, routed)           2.030     2.486    lamp_OBUF
    V16                  OBUF (Prop_obuf_I_O)         2.609     5.095 r  lamp_OBUF_inst/O
                         net (fo=0)                   0.000     5.095    lamp
    V16                                                               r  lamp (OUT)
  -------------------------------------------------------------------    -------------------

Slack:                    inf
  Source:                 reset
                            (input port)
  Destination:            count_reg[2]/D
  Path Group:             (none)
  Path Type:              Max at Slow Process Corner
  Data Path Delay:        2.814ns  (logic 1.050ns (37.320%)  route 1.764ns (62.680%))
  Logic Levels:           2  (IBUF=1 LUT6=1)

    Location             Delay type                Incr(ns)  Path(ns)    Netlist Resource(s)
  -------------------------------------------------------------------    -------------------
    U18                                               0.000     0.000 f  reset (IN)
                         net (fo=0)                   0.000     0.000    reset
    U18                  IBUF (Prop_ibuf_I_O)         0.926     0.926 f  reset_IBUF_inst/O
                         net (fo=5, routed)           1.764     2.690    reset_IBUF
    SLICE_X1Y4           LUT6 (Prop_lut6_I5_O)        0.124     2.814 r  count[2]_i_1/O
                         net (fo=1, routed)           0.000     2.814    count[2]_i_1_n_0
    SLICE_X1Y4           FDRE                                         r  count_reg[2]/D
  -------------------------------------------------------------------    -------------------

Slack:                    inf
  Source:                 reset
                            (input port)
  Destination:            count_reg[1]/D
  Path Group:             (none)
  Path Type:              Max at Slow Process Corner
  Data Path Delay:        2.812ns  (logic 1.050ns (37.346%)  route 1.762ns (62.654%))
  Logic Levels:           2  (IBUF=1 LUT6=1)

    Location             Delay type                Incr(ns)  Path(ns)    Netlist Resource(s)
  -------------------------------------------------------------------    -------------------
    U18                                               0.000     0.000 f  reset (IN)
                         net (fo=0)                   0.000     0.000    reset
    U18                  IBUF (Prop_ibuf_I_O)         0.926     0.926 f  reset_IBUF_inst/O
                         net (fo=5, routed)           1.762     2.688    reset_IBUF
    SLICE_X1Y4           LUT6 (Prop_lut6_I5_O)        0.124     2.812 r  count[1]_i_1/O
                         net (fo=1, routed)           0.000     2.812    count[1]_i_1_n_0
    SLICE_X1Y4           FDRE                                         r  count_reg[1]/D
  -------------------------------------------------------------------    -------------------





Min Delay Paths
--------------------------------------------------------------------------------------
Slack:                    inf
  Source:                 start_sync_reg/C
                            (rising edge-triggered cell FDRE)
  Destination:            start_sync2_reg/D
  Path Group:             (none)
  Path Type:              Min at Fast Process Corner
  Data Path Delay:        0.336ns  (logic 0.141ns (41.936%)  route 0.195ns (58.064%))
  Logic Levels:           1  (FDRE=1)

    Location             Delay type                Incr(ns)  Path(ns)    Netlist Resource(s)
  -------------------------------------------------------------------    -------------------
    SLICE_X0Y8           FDRE                         0.000     0.000 r  start_sync_reg/C
    SLICE_X0Y8           FDRE (Prop_fdre_C_Q)         0.141     0.141 r  start_sync_reg/Q
                         net (fo=2, routed)           0.195     0.336    start_sync
    SLICE_X0Y8           FDRE                                         r  start_sync2_reg/D
  -------------------------------------------------------------------    -------------------

Slack:                    inf
  Source:                 count_reg[3]/C
                            (rising edge-triggered cell FDRE)
  Destination:            lamp_int_reg/D
  Path Group:             (none)
  Path Type:              Min at Fast Process Corner
  Data Path Delay:        0.356ns  (logic 0.186ns (52.267%)  route 0.170ns (47.733%))
  Logic Levels:           2  (FDRE=1 LUT6=1)

    Location             Delay type                Incr(ns)  Path(ns)    Netlist Resource(s)
  -------------------------------------------------------------------    -------------------
    SLICE_X1Y4           FDRE                         0.000     0.000 r  count_reg[3]/C
    SLICE_X1Y4           FDRE (Prop_fdre_C_Q)         0.141     0.141 f  count_reg[3]/Q
                         net (fo=12, routed)          0.170     0.311    count_reg_n_0_[3]
    SLICE_X0Y5           LUT6 (Prop_lut6_I5_O)        0.045     0.356 r  lamp_int_i_1/O
                         net (fo=1, routed)           0.000     0.356    lamp_int_i_1_n_0
    SLICE_X0Y5           FDRE                                         r  lamp_int_reg/D
  -------------------------------------------------------------------    -------------------

Slack:                    inf
  Source:                 count_reg[1]/C
                            (rising edge-triggered cell FDRE)
  Destination:            count_reg[2]/D
  Path Group:             (none)
  Path Type:              Min at Fast Process Corner
  Data Path Delay:        0.362ns  (logic 0.186ns (51.424%)  route 0.176ns (48.576%))
  Logic Levels:           2  (FDRE=1 LUT6=1)

    Location             Delay type                Incr(ns)  Path(ns)    Netlist Resource(s)
  -------------------------------------------------------------------    -------------------
    SLICE_X1Y4           FDRE                         0.000     0.000 r  count_reg[1]/C
    SLICE_X1Y4           FDRE (Prop_fdre_C_Q)         0.141     0.141 r  count_reg[1]/Q
                         net (fo=12, routed)          0.176     0.317    count_reg_n_0_[1]
    SLICE_X1Y4           LUT6 (Prop_lut6_I3_O)        0.045     0.362 r  count[2]_i_1/O
                         net (fo=1, routed)           0.000     0.362    count[2]_i_1_n_0
    SLICE_X1Y4           FDRE                                         r  count_reg[2]/D
  -------------------------------------------------------------------    -------------------

Slack:                    inf
  Source:                 count_reg[1]/C
                            (rising edge-triggered cell FDRE)
  Destination:            count_reg[1]/D
  Path Group:             (none)
  Path Type:              Min at Fast Process Corner
  Data Path Delay:        0.363ns  (logic 0.186ns (51.282%)  route 0.177ns (48.718%))
  Logic Levels:           2  (FDRE=1 LUT6=1)

    Location             Delay type                Incr(ns)  Path(ns)    Netlist Resource(s)
  -------------------------------------------------------------------    -------------------
    SLICE_X1Y4           FDRE                         0.000     0.000 r  count_reg[1]/C
    SLICE_X1Y4           FDRE (Prop_fdre_C_Q)         0.141     0.141 r  count_reg[1]/Q
                         net (fo=12, routed)          0.177     0.318    count_reg_n_0_[1]
    SLICE_X1Y4           LUT6 (Prop_lut6_I3_O)        0.045     0.363 r  count[1]_i_1/O
                         net (fo=1, routed)           0.000     0.363    count[1]_i_1_n_0
    SLICE_X1Y4           FDRE                                         r  count_reg[1]/D
  -------------------------------------------------------------------    -------------------

Slack:                    inf
  Source:                 count_reg[0]/C
                            (rising edge-triggered cell FDRE)
  Destination:            count_reg[3]/D
  Path Group:             (none)
  Path Type:              Min at Fast Process Corner
  Data Path Delay:        0.363ns  (logic 0.186ns (51.282%)  route 0.177ns (48.718%))
  Logic Levels:           2  (FDRE=1 LUT6=1)

    Location             Delay type                Incr(ns)  Path(ns)    Netlist Resource(s)
  -------------------------------------------------------------------    -------------------
    SLICE_X1Y4           FDRE                         0.000     0.000 r  count_reg[0]/C
    SLICE_X1Y4           FDRE (Prop_fdre_C_Q)         0.141     0.141 r  count_reg[0]/Q
                         net (fo=12, routed)          0.177     0.318    count_reg_n_0_[0]
    SLICE_X1Y4           LUT6 (Prop_lut6_I2_O)        0.045     0.363 r  count[3]_i_1/O
                         net (fo=1, routed)           0.000     0.363    count[3]_i_1_n_0
    SLICE_X1Y4           FDRE                                         r  count_reg[3]/D
  -------------------------------------------------------------------    -------------------

Slack:                    inf
  Source:                 count_reg[0]/C
                            (rising edge-triggered cell FDRE)
  Destination:            count_reg[0]/D
  Path Group:             (none)
  Path Type:              Min at Fast Process Corner
  Data Path Delay:        0.366ns  (logic 0.186ns (50.861%)  route 0.180ns (49.139%))
  Logic Levels:           2  (FDRE=1 LUT6=1)

    Location             Delay type                Incr(ns)  Path(ns)    Netlist Resource(s)
  -------------------------------------------------------------------    -------------------
    SLICE_X1Y4           FDRE                         0.000     0.000 r  count_reg[0]/C
    SLICE_X1Y4           FDRE (Prop_fdre_C_Q)         0.141     0.141 f  count_reg[0]/Q
                         net (fo=12, routed)          0.180     0.321    count_reg_n_0_[0]
    SLICE_X1Y4           LUT6 (Prop_lut6_I0_O)        0.045     0.366 r  count[0]_i_1/O
                         net (fo=1, routed)           0.000     0.366    count[0]_i_1_n_0
    SLICE_X1Y4           FDRE                                         r  count_reg[0]/D
  -------------------------------------------------------------------    -------------------

Slack:                    inf
  Source:                 start
                            (input port)
  Destination:            start_sync_reg/D
  Path Group:             (none)
  Path Type:              Min at Fast Process Corner
  Data Path Delay:        0.617ns  (logic 0.167ns (27.002%)  route 0.450ns (72.998%))
  Logic Levels:           1  (IBUF=1)

    Location             Delay type                Incr(ns)  Path(ns)    Netlist Resource(s)
  -------------------------------------------------------------------    -------------------
    U17                                               0.000     0.000 r  start (IN)
                         net (fo=0)                   0.000     0.000    start
    U17                  IBUF (Prop_ibuf_I_O)         0.167     0.167 r  start_IBUF_inst/O
                         net (fo=1, routed)           0.450     0.617    start_IBUF
    SLICE_X0Y8           FDRE                                         r  start_sync_reg/D
  -------------------------------------------------------------------    -------------------

Slack:                    inf
  Source:                 lamp_int_reg/C
                            (rising edge-triggered cell FDRE)
  Destination:            lamp
                            (output port)
  Path Group:             (none)
  Path Type:              Min at Fast Process Corner
  Data Path Delay:        1.753ns  (logic 1.267ns (72.299%)  route 0.486ns (27.701%))
  Logic Levels:           2  (FDRE=1 OBUF=1)

    Location             Delay type                Incr(ns)  Path(ns)    Netlist Resource(s)
  -------------------------------------------------------------------    -------------------
    SLICE_X0Y5           FDRE                         0.000     0.000 r  lamp_int_reg/C
    SLICE_X0Y5           FDRE (Prop_fdre_C_Q)         0.141     0.141 r  lamp_int_reg/Q
                         net (fo=3, routed)           0.486     0.627    lamp_OBUF
    V16                  OBUF (Prop_obuf_I_O)         1.126     1.753 r  lamp_OBUF_inst/O
                         net (fo=0)                   0.000     1.753    lamp
    V16                                                               r  lamp (OUT)
  -------------------------------------------------------------------    -------------------

Slack:                    inf
  Source:                 count_reg[1]/C
                            (rising edge-triggered cell FDRE)
  Destination:            seg[2]
                            (output port)
  Path Group:             (none)
  Path Type:              Min at Fast Process Corner
  Data Path Delay:        1.761ns  (logic 1.300ns (73.835%)  route 0.461ns (26.165%))
  Logic Levels:           3  (FDRE=1 LUT4=1 OBUF=1)

    Location             Delay type                Incr(ns)  Path(ns)    Netlist Resource(s)
  -------------------------------------------------------------------    -------------------
    SLICE_X1Y4           FDRE                         0.000     0.000 r  count_reg[1]/C
    SLICE_X1Y4           FDRE (Prop_fdre_C_Q)         0.141     0.141 r  count_reg[1]/Q
                         net (fo=12, routed)          0.143     0.284    count_reg_n_0_[1]
    SLICE_X0Y4           LUT4 (Prop_lut4_I2_O)        0.045     0.329 r  seg_OBUF[2]_inst_i_1/O
                         net (fo=1, routed)           0.317     0.647    seg_OBUF[2]
    V13                  OBUF (Prop_obuf_I_O)         1.114     1.761 r  seg_OBUF[2]_inst/O
                         net (fo=0)                   0.000     1.761    seg[2]
    V13                                                               r  seg[2] (OUT)
  -------------------------------------------------------------------    -------------------

Slack:                    inf
  Source:                 count_reg[0]/C
                            (rising edge-triggered cell FDRE)
  Destination:            seg[4]
                            (output port)
  Path Group:             (none)
  Path Type:              Min at Fast Process Corner
  Data Path Delay:        1.787ns  (logic 1.311ns (73.329%)  route 0.477ns (26.671%))
  Logic Levels:           3  (FDRE=1 LUT4=1 OBUF=1)

    Location             Delay type                Incr(ns)  Path(ns)    Netlist Resource(s)
  -------------------------------------------------------------------    -------------------
    SLICE_X1Y4           FDRE                         0.000     0.000 r  count_reg[0]/C
    SLICE_X1Y4           FDRE (Prop_fdre_C_Q)         0.141     0.141 r  count_reg[0]/Q
                         net (fo=12, routed)          0.144     0.285    count_reg_n_0_[0]
    SLICE_X0Y4           LUT4 (Prop_lut4_I3_O)        0.045     0.330 r  seg_OBUF[4]_inst_i_1/O
                         net (fo=1, routed)           0.333     0.663    seg_OBUF[4]
    U15                  OBUF (Prop_obuf_I_O)         1.125     1.787 r  seg_OBUF[4]_inst/O
                         net (fo=0)                   0.000     1.787    seg[4]
    U15                                                               r  seg[4] (OUT)
  -------------------------------------------------------------------    -------------------





